report_utilization|1.0|synth_1_synth_report_utilization_0|/home/steve/Graduate_Research/MLP/build/Pynq-Z1-pynqZ1/_sds/p0/vivado/prj/prj.runs/synth_1/bare_wrapper_utilization_synth.rpt|
report_utilization|1.0|bare_ps7_0_0_synth_1_synth_report_utilization_0|/home/steve/Graduate_Research/MLP/build/Pynq-Z1-pynqZ1/_sds/p0/vivado/prj/prj.runs/bare_ps7_0_0_synth_1/bare_ps7_0_0_utilization_synth.rpt|
report_utilization|1.0|bare_axis_dwc_dm_0_tx_0_0_synth_1_synth_report_utilization_0|/home/steve/Graduate_Research/MLP/build/Pynq-Z1-pynqZ1/_sds/p0/vivado/prj/prj.runs/bare_axis_dwc_dm_0_tx_0_0_synth_1/bare_axis_dwc_dm_0_tx_0_0_utilization_synth.rpt|
report_utilization|1.0|bare_axis_dwc_dm_1_tx_0_0_synth_1_synth_report_utilization_0|/home/steve/Graduate_Research/MLP/build/Pynq-Z1-pynqZ1/_sds/p0/vivado/prj/prj.runs/bare_axis_dwc_dm_1_tx_0_0_synth_1/bare_axis_dwc_dm_1_tx_0_0_utilization_synth.rpt|
report_utilization|1.0|bare_axis_dwc_dm_2_tx_0_0_synth_1_synth_report_utilization_0|/home/steve/Graduate_Research/MLP/build/Pynq-Z1-pynqZ1/_sds/p0/vivado/prj/prj.runs/bare_axis_dwc_dm_2_tx_0_0_synth_1/bare_axis_dwc_dm_2_tx_0_0_utilization_synth.rpt|
report_utilization|1.0|bare_axis_dwc_dm_3_tx_0_0_synth_1_synth_report_utilization_0|/home/steve/Graduate_Research/MLP/build/Pynq-Z1-pynqZ1/_sds/p0/vivado/prj/prj.runs/bare_axis_dwc_dm_3_tx_0_0_synth_1/bare_axis_dwc_dm_3_tx_0_0_utilization_synth.rpt|
report_utilization|1.0|bare_axis_dwc_dm_4_tx_0_0_synth_1_synth_report_utilization_0|/home/steve/Graduate_Research/MLP/build/Pynq-Z1-pynqZ1/_sds/p0/vivado/prj/prj.runs/bare_axis_dwc_dm_4_tx_0_0_synth_1/bare_axis_dwc_dm_4_tx_0_0_utilization_synth.rpt|
report_utilization|1.0|bare_s00_regslice_0_synth_1_synth_report_utilization_0|/home/steve/Graduate_Research/MLP/build/Pynq-Z1-pynqZ1/_sds/p0/vivado/prj/prj.runs/bare_s00_regslice_0_synth_1/bare_s00_regslice_0_utilization_synth.rpt|
report_utilization|1.0|bare_MLP_1_if_0_synth_1_synth_report_utilization_0|/home/steve/Graduate_Research/MLP/build/Pynq-Z1-pynqZ1/_sds/p0/vivado/prj/prj.runs/bare_MLP_1_if_0_synth_1/bare_MLP_1_if_0_utilization_synth.rpt|
report_utilization|1.0|bare_dm_4_0_synth_1_synth_report_utilization_0|/home/steve/Graduate_Research/MLP/build/Pynq-Z1-pynqZ1/_sds/p0/vivado/prj/prj.runs/bare_dm_4_0_synth_1/bare_dm_4_0_utilization_synth.rpt|
report_utilization|1.0|bare_dm_5_0_synth_1_synth_report_utilization_0|/home/steve/Graduate_Research/MLP/build/Pynq-Z1-pynqZ1/_sds/p0/vivado/prj/prj.runs/bare_dm_5_0_synth_1/bare_dm_5_0_utilization_synth.rpt|
report_utilization|1.0|bare_xbar_0_synth_1_synth_report_utilization_0|/home/steve/Graduate_Research/MLP/build/Pynq-Z1-pynqZ1/_sds/p0/vivado/prj/prj.runs/bare_xbar_0_synth_1/bare_xbar_0_utilization_synth.rpt|
report_utilization|1.0|bare_dm_2_0_synth_1_synth_report_utilization_0|/home/steve/Graduate_Research/MLP/build/Pynq-Z1-pynqZ1/_sds/p0/vivado/prj/prj.runs/bare_dm_2_0_synth_1/bare_dm_2_0_utilization_synth.rpt|
report_utilization|1.0|bare_m01_regslice_0_synth_1_synth_report_utilization_0|/home/steve/Graduate_Research/MLP/build/Pynq-Z1-pynqZ1/_sds/p0/vivado/prj/prj.runs/bare_m01_regslice_0_synth_1/bare_m01_regslice_0_utilization_synth.rpt|
report_utilization|1.0|bare_dm_1_0_synth_1_synth_report_utilization_0|/home/steve/Graduate_Research/MLP/build/Pynq-Z1-pynqZ1/_sds/p0/vivado/prj/prj.runs/bare_dm_1_0_synth_1/bare_dm_1_0_utilization_synth.rpt|
report_utilization|1.0|bare_dm_3_0_synth_1_synth_report_utilization_0|/home/steve/Graduate_Research/MLP/build/Pynq-Z1-pynqZ1/_sds/p0/vivado/prj/prj.runs/bare_dm_3_0_synth_1/bare_dm_3_0_utilization_synth.rpt|
report_utilization|1.0|bare_MLP_1_0_synth_1_synth_report_utilization_0|/home/steve/Graduate_Research/MLP/build/Pynq-Z1-pynqZ1/_sds/p0/vivado/prj/prj.runs/bare_MLP_1_0_synth_1/bare_MLP_1_0_utilization_synth.rpt|MLP
report_utilization|1.0|bare_dm_0_0_synth_1_synth_report_utilization_0|/home/steve/Graduate_Research/MLP/build/Pynq-Z1-pynqZ1/_sds/p0/vivado/prj/prj.runs/bare_dm_0_0_synth_1/bare_dm_0_0_utilization_synth.rpt|
report_utilization|1.0|bare_axis_dwc_dm_5_rx_0_0_synth_1_synth_report_utilization_0|/home/steve/Graduate_Research/MLP/build/Pynq-Z1-pynqZ1/_sds/p0/vivado/prj/prj.runs/bare_axis_dwc_dm_5_rx_0_0_synth_1/bare_axis_dwc_dm_5_rx_0_0_utilization_synth.rpt|
report_utilization|1.0|bare_s00_data_fifo_0_synth_1_synth_report_utilization_0|/home/steve/Graduate_Research/MLP/build/Pynq-Z1-pynqZ1/_sds/p0/vivado/prj/prj.runs/bare_s00_data_fifo_0_synth_1/bare_s00_data_fifo_0_utilization_synth.rpt|
report_utilization|1.0|bare_auto_pc_0_synth_1_synth_report_utilization_0|/home/steve/Graduate_Research/MLP/build/Pynq-Z1-pynqZ1/_sds/p0/vivado/prj/prj.runs/bare_auto_pc_0_synth_1/bare_auto_pc_0_utilization_synth.rpt|
report_utilization|1.0|bare_m00_regslice_0_synth_1_synth_report_utilization_0|/home/steve/Graduate_Research/MLP/build/Pynq-Z1-pynqZ1/_sds/p0/vivado/prj/prj.runs/bare_m00_regslice_0_synth_1/bare_m00_regslice_0_utilization_synth.rpt|
report_utilization|1.0|bare_xbar_1_synth_1_synth_report_utilization_0|/home/steve/Graduate_Research/MLP/build/Pynq-Z1-pynqZ1/_sds/p0/vivado/prj/prj.runs/bare_xbar_1_synth_1/bare_xbar_1_utilization_synth.rpt|
report_utilization|1.0|bare_s02_regslice_0_synth_1_synth_report_utilization_0|/home/steve/Graduate_Research/MLP/build/Pynq-Z1-pynqZ1/_sds/p0/vivado/prj/prj.runs/bare_s02_regslice_0_synth_1/bare_s02_regslice_0_utilization_synth.rpt|
report_utilization|1.0|bare_s02_data_fifo_0_synth_1_synth_report_utilization_0|/home/steve/Graduate_Research/MLP/build/Pynq-Z1-pynqZ1/_sds/p0/vivado/prj/prj.runs/bare_s02_data_fifo_0_synth_1/bare_s02_data_fifo_0_utilization_synth.rpt|
report_utilization|1.0|bare_s03_regslice_0_synth_1_synth_report_utilization_0|/home/steve/Graduate_Research/MLP/build/Pynq-Z1-pynqZ1/_sds/p0/vivado/prj/prj.runs/bare_s03_regslice_0_synth_1/bare_s03_regslice_0_utilization_synth.rpt|
report_utilization|1.0|bare_s03_data_fifo_0_synth_1_synth_report_utilization_0|/home/steve/Graduate_Research/MLP/build/Pynq-Z1-pynqZ1/_sds/p0/vivado/prj/prj.runs/bare_s03_data_fifo_0_synth_1/bare_s03_data_fifo_0_utilization_synth.rpt|
report_utilization|1.0|bare_s04_regslice_0_synth_1_synth_report_utilization_0|/home/steve/Graduate_Research/MLP/build/Pynq-Z1-pynqZ1/_sds/p0/vivado/prj/prj.runs/bare_s04_regslice_0_synth_1/bare_s04_regslice_0_utilization_synth.rpt|
report_utilization|1.0|bare_s04_data_fifo_0_synth_1_synth_report_utilization_0|/home/steve/Graduate_Research/MLP/build/Pynq-Z1-pynqZ1/_sds/p0/vivado/prj/prj.runs/bare_s04_data_fifo_0_synth_1/bare_s04_data_fifo_0_utilization_synth.rpt|
report_utilization|1.0|bare_s05_regslice_0_synth_1_synth_report_utilization_0|/home/steve/Graduate_Research/MLP/build/Pynq-Z1-pynqZ1/_sds/p0/vivado/prj/prj.runs/bare_s05_regslice_0_synth_1/bare_s05_regslice_0_utilization_synth.rpt|
report_utilization|1.0|bare_s05_data_fifo_0_synth_1_synth_report_utilization_0|/home/steve/Graduate_Research/MLP/build/Pynq-Z1-pynqZ1/_sds/p0/vivado/prj/prj.runs/bare_s05_data_fifo_0_synth_1/bare_s05_data_fifo_0_utilization_synth.rpt|
report_utilization|1.0|bare_m00_data_fifo_0_synth_1_synth_report_utilization_0|/home/steve/Graduate_Research/MLP/build/Pynq-Z1-pynqZ1/_sds/p0/vivado/prj/prj.runs/bare_m00_data_fifo_0_synth_1/bare_m00_data_fifo_0_utilization_synth.rpt|
report_utilization|1.0|bare_m00_regslice_1_synth_1_synth_report_utilization_0|/home/steve/Graduate_Research/MLP/build/Pynq-Z1-pynqZ1/_sds/p0/vivado/prj/prj.runs/bare_m00_regslice_1_synth_1/bare_m00_regslice_1_utilization_synth.rpt|
report_utilization|1.0|bare_auto_pc_1_synth_1_synth_report_utilization_0|/home/steve/Graduate_Research/MLP/build/Pynq-Z1-pynqZ1/_sds/p0/vivado/prj/prj.runs/bare_auto_pc_1_synth_1/bare_auto_pc_1_utilization_synth.rpt|
report_utilization|1.0|bare_m02_regslice_0_synth_1_synth_report_utilization_0|/home/steve/Graduate_Research/MLP/build/Pynq-Z1-pynqZ1/_sds/p0/vivado/prj/prj.runs/bare_m02_regslice_0_synth_1/bare_m02_regslice_0_utilization_synth.rpt|
report_utilization|1.0|bare_m03_regslice_0_synth_1_synth_report_utilization_0|/home/steve/Graduate_Research/MLP/build/Pynq-Z1-pynqZ1/_sds/p0/vivado/prj/prj.runs/bare_m03_regslice_0_synth_1/bare_m03_regslice_0_utilization_synth.rpt|
report_utilization|1.0|bare_m04_regslice_0_synth_1_synth_report_utilization_0|/home/steve/Graduate_Research/MLP/build/Pynq-Z1-pynqZ1/_sds/p0/vivado/prj/prj.runs/bare_m04_regslice_0_synth_1/bare_m04_regslice_0_utilization_synth.rpt|
report_utilization|1.0|bare_m05_regslice_0_synth_1_synth_report_utilization_0|/home/steve/Graduate_Research/MLP/build/Pynq-Z1-pynqZ1/_sds/p0/vivado/prj/prj.runs/bare_m05_regslice_0_synth_1/bare_m05_regslice_0_utilization_synth.rpt|
report_utilization|1.0|bare_m06_regslice_0_synth_1_synth_report_utilization_0|/home/steve/Graduate_Research/MLP/build/Pynq-Z1-pynqZ1/_sds/p0/vivado/prj/prj.runs/bare_m06_regslice_0_synth_1/bare_m06_regslice_0_utilization_synth.rpt|
report_utilization|1.0|bare_s01_data_fifo_0_synth_1_synth_report_utilization_0|/home/steve/Graduate_Research/MLP/build/Pynq-Z1-pynqZ1/_sds/p0/vivado/prj/prj.runs/bare_s01_data_fifo_0_synth_1/bare_s01_data_fifo_0_utilization_synth.rpt|
report_utilization|1.0|bare_s01_regslice_0_synth_1_synth_report_utilization_0|/home/steve/Graduate_Research/MLP/build/Pynq-Z1-pynqZ1/_sds/p0/vivado/prj/prj.runs/bare_s01_regslice_0_synth_1/bare_s01_regslice_0_utilization_synth.rpt|
report_utilization|1.0|bare_s00_regslice_1_synth_1_synth_report_utilization_0|/home/steve/Graduate_Research/MLP/build/Pynq-Z1-pynqZ1/_sds/p0/vivado/prj/prj.runs/bare_s00_regslice_1_synth_1/bare_s00_regslice_1_utilization_synth.rpt|
report_utilization|1.0|bare_s00_data_fifo_1_synth_1_synth_report_utilization_0|/home/steve/Graduate_Research/MLP/build/Pynq-Z1-pynqZ1/_sds/p0/vivado/prj/prj.runs/bare_s00_data_fifo_1_synth_1/bare_s00_data_fifo_1_utilization_synth.rpt|
report_drc|1.0|impl_1_opt_report_drc_0|/home/steve/Graduate_Research/MLP/build/Pynq-Z1-pynqZ1/_sds/p0/vivado/prj/prj.runs/impl_1/bare_wrapper_drc_opted.rpt|
report_io|1.0|impl_1_place_report_io_0|/home/steve/Graduate_Research/MLP/build/Pynq-Z1-pynqZ1/_sds/p0/vivado/prj/prj.runs/impl_1/bare_wrapper_io_placed.rpt|
report_utilization|1.0|impl_1_place_report_utilization_0|/home/steve/Graduate_Research/MLP/build/Pynq-Z1-pynqZ1/_sds/p0/vivado/prj/prj.runs/impl_1/bare_wrapper_utilization_placed.rpt|
report_control_sets|1.0|impl_1_place_report_control_sets_0|/home/steve/Graduate_Research/MLP/build/Pynq-Z1-pynqZ1/_sds/p0/vivado/prj/prj.runs/impl_1/bare_wrapper_control_sets_placed.rpt|
report_drc|1.0|impl_1_route_report_drc_0|/home/steve/Graduate_Research/MLP/build/Pynq-Z1-pynqZ1/_sds/p0/vivado/prj/prj.runs/impl_1/bare_wrapper_drc_routed.rpt|
report_methodology|1.0|impl_1_route_report_methodology_0|/home/steve/Graduate_Research/MLP/build/Pynq-Z1-pynqZ1/_sds/p0/vivado/prj/prj.runs/impl_1/bare_wrapper_methodology_drc_routed.rpt|
report_power|1.0|impl_1_route_report_power_0|/home/steve/Graduate_Research/MLP/build/Pynq-Z1-pynqZ1/_sds/p0/vivado/prj/prj.runs/impl_1/bare_wrapper_power_routed.rpt|
report_route_status|1.0|impl_1_route_report_route_status_0|/home/steve/Graduate_Research/MLP/build/Pynq-Z1-pynqZ1/_sds/p0/vivado/prj/prj.runs/impl_1/bare_wrapper_route_status.rpt|
report_timing_summary|1.0|impl_1_route_report_timing_summary_0|/home/steve/Graduate_Research/MLP/build/Pynq-Z1-pynqZ1/_sds/p0/vivado/prj/prj.runs/impl_1/bare_wrapper_timing_summary_routed.rpt|
report_incremental_reuse|1.0|impl_1_route_report_incremental_reuse_0|/home/steve/Graduate_Research/MLP/build/Pynq-Z1-pynqZ1/_sds/p0/vivado/prj/prj.runs/impl_1/bare_wrapper_incremental_reuse_routed.rpt|
report_clock_utilization|1.0|impl_1_route_report_clock_utilization_0|/home/steve/Graduate_Research/MLP/build/Pynq-Z1-pynqZ1/_sds/p0/vivado/prj/prj.runs/impl_1/bare_wrapper_clock_utilization_routed.rpt|
report_bus_skew|1.1|impl_1_route_report_bus_skew_0|/home/steve/Graduate_Research/MLP/build/Pynq-Z1-pynqZ1/_sds/p0/vivado/prj/prj.runs/impl_1/bare_wrapper_bus_skew_routed.rpt|
