
*** Running vivado
    with args -log bare_axis_dwc_dm_5_rx_0_0.vds -m64 -product Vivado -mode batch -messageDb vivado.pb -notrace -source bare_axis_dwc_dm_5_rx_0_0.tcl


****** Vivado v2018.3 (64-bit)
  **** SW Build 2405991 on Thu Dec  6 23:36:41 MST 2018
  **** IP Build 2404404 on Fri Dec  7 01:43:56 MST 2018
    ** Copyright 1986-2018 Xilinx, Inc. All Rights Reserved.

source bare_axis_dwc_dm_5_rx_0_0.tcl -notrace
INFO: [IP_Flow 19-234] Refreshing IP repositories
INFO: [IP_Flow 19-1700] Loaded user IP repository '/home/steve/Graduate_Research/MLP/build/Pynq-Z1-pynqZ1/_sds/iprepo/repo'.
WARNING: [IP_Flow 19-3685] Ignored loading user repository '/tools/Xilinx/SDx/2018.3/data/ip/xilinx'. The path is contained within another repository.
INFO: [IP_Flow 19-1700] Loaded user IP repository '/tools/Xilinx/SDx/2018.3/data/cache/xilinx'.
INFO: [IP_Flow 19-1700] Loaded user IP repository '/home/steve/Graduate_Research/MLP/build/Pynq-Z1-pynqZ1/_sds/p0/vivado/.local/dsa/ipcache'.
INFO: [IP_Flow 19-1700] Loaded user IP repository '/tools/Xilinx/SDx/2018.3/data/ip'.
INFO: [IP_Flow 19-2313] Loaded Vivado IP repository '/tools/Xilinx/Vivado/2018.3/data/ip'.
Command: synth_design -top bare_axis_dwc_dm_5_rx_0_0 -part xc7z020clg400-1 -mode out_of_context
Starting synth_design
Attempting to get a license for feature 'Synthesis' and/or device 'xc7z020'
INFO: [Common 17-349] Got license for feature 'Synthesis' and/or device 'xc7z020'
INFO: Launching helper process for spawning children vivado processes
INFO: Helper process launched with PID 25252 
---------------------------------------------------------------------------------
Starting RTL Elaboration : Time (s): cpu = 00:00:02 ; elapsed = 00:00:02 . Memory (MB): peak = 1529.168 ; gain = 18.883 ; free physical = 3060 ; free virtual = 7712
---------------------------------------------------------------------------------
INFO: [Synth 8-6157] synthesizing module 'bare_axis_dwc_dm_5_rx_0_0' [/home/steve/Graduate_Research/MLP/build/Pynq-Z1-pynqZ1/_sds/p0/vivado/prj/prj.srcs/sources_1/bd/bare/ip/bare_axis_dwc_dm_5_rx_0_0/synth/bare_axis_dwc_dm_5_rx_0_0.v:57]
INFO: [Synth 8-6157] synthesizing module 'axis_dwidth_converter_v1_1_17_axis_dwidth_converter' [/home/steve/Graduate_Research/MLP/build/Pynq-Z1-pynqZ1/_sds/p0/vivado/prj/prj.srcs/sources_1/bd/bare/ipshared/4ca6/hdl/axis_dwidth_converter_v1_1_vl_rfs.v:810]
	Parameter C_FAMILY bound to: zynq - type: string 
	Parameter C_S_AXIS_TDATA_WIDTH bound to: 8 - type: integer 
	Parameter C_M_AXIS_TDATA_WIDTH bound to: 64 - type: integer 
	Parameter C_AXIS_TID_WIDTH bound to: 1 - type: integer 
	Parameter C_AXIS_TDEST_WIDTH bound to: 1 - type: integer 
	Parameter C_S_AXIS_TUSER_WIDTH bound to: 1 - type: integer 
	Parameter C_M_AXIS_TUSER_WIDTH bound to: 1 - type: integer 
	Parameter C_AXIS_SIGNAL_SET bound to: 32'b00000000000000000000000000011111 
	Parameter G_INDX_SS_TREADY bound to: 0 - type: integer 
	Parameter G_INDX_SS_TDATA bound to: 1 - type: integer 
	Parameter G_INDX_SS_TSTRB bound to: 2 - type: integer 
	Parameter G_INDX_SS_TKEEP bound to: 3 - type: integer 
	Parameter G_INDX_SS_TLAST bound to: 4 - type: integer 
	Parameter G_INDX_SS_TID bound to: 5 - type: integer 
	Parameter G_INDX_SS_TDEST bound to: 6 - type: integer 
	Parameter G_INDX_SS_TUSER bound to: 7 - type: integer 
	Parameter G_MASK_SS_TREADY bound to: 1 - type: integer 
	Parameter G_MASK_SS_TDATA bound to: 2 - type: integer 
	Parameter G_MASK_SS_TSTRB bound to: 4 - type: integer 
	Parameter G_MASK_SS_TKEEP bound to: 8 - type: integer 
	Parameter G_MASK_SS_TLAST bound to: 16 - type: integer 
	Parameter G_MASK_SS_TID bound to: 32 - type: integer 
	Parameter G_MASK_SS_TDEST bound to: 64 - type: integer 
	Parameter G_MASK_SS_TUSER bound to: 128 - type: integer 
	Parameter G_TASK_SEVERITY_ERR bound to: 2 - type: integer 
	Parameter G_TASK_SEVERITY_WARNING bound to: 1 - type: integer 
	Parameter G_TASK_SEVERITY_INFO bound to: 0 - type: integer 
	Parameter P_SS_TKEEP_REQUIRED bound to: 8 - type: integer 
	Parameter P_AXIS_SIGNAL_SET bound to: 32'b00000000000000000000000000011111 
	Parameter P_S_RATIO bound to: 8 - type: integer 
	Parameter P_M_RATIO bound to: 1 - type: integer 
	Parameter P_D2_TDATA_WIDTH bound to: 64 - type: integer 
	Parameter P_D1_TUSER_WIDTH bound to: 1 - type: integer 
	Parameter P_D2_TUSER_WIDTH bound to: 8 - type: integer 
	Parameter P_D3_TUSER_WIDTH bound to: 8 - type: integer 
	Parameter P_D1_REG_CONFIG bound to: 0 - type: integer 
	Parameter P_D3_REG_CONFIG bound to: 0 - type: integer 
INFO: [Synth 8-6157] synthesizing module 'axis_dwidth_converter_v1_1_17_axisc_upsizer' [/home/steve/Graduate_Research/MLP/build/Pynq-Z1-pynqZ1/_sds/p0/vivado/prj/prj.srcs/sources_1/bd/bare/ipshared/4ca6/hdl/axis_dwidth_converter_v1_1_vl_rfs.v:437]
	Parameter C_FAMILY bound to: zynq - type: string 
	Parameter C_S_AXIS_TDATA_WIDTH bound to: 8 - type: integer 
	Parameter C_M_AXIS_TDATA_WIDTH bound to: 64 - type: integer 
	Parameter C_AXIS_TID_WIDTH bound to: 1 - type: integer 
	Parameter C_AXIS_TDEST_WIDTH bound to: 1 - type: integer 
	Parameter C_S_AXIS_TUSER_WIDTH bound to: 1 - type: integer 
	Parameter C_M_AXIS_TUSER_WIDTH bound to: 8 - type: integer 
	Parameter C_AXIS_SIGNAL_SET bound to: 32'b00000000000000000000000000011111 
	Parameter C_RATIO bound to: 8 - type: integer 
	Parameter G_INDX_SS_TREADY bound to: 0 - type: integer 
	Parameter G_INDX_SS_TDATA bound to: 1 - type: integer 
	Parameter G_INDX_SS_TSTRB bound to: 2 - type: integer 
	Parameter G_INDX_SS_TKEEP bound to: 3 - type: integer 
	Parameter G_INDX_SS_TLAST bound to: 4 - type: integer 
	Parameter G_INDX_SS_TID bound to: 5 - type: integer 
	Parameter G_INDX_SS_TDEST bound to: 6 - type: integer 
	Parameter G_INDX_SS_TUSER bound to: 7 - type: integer 
	Parameter G_MASK_SS_TREADY bound to: 1 - type: integer 
	Parameter G_MASK_SS_TDATA bound to: 2 - type: integer 
	Parameter G_MASK_SS_TSTRB bound to: 4 - type: integer 
	Parameter G_MASK_SS_TKEEP bound to: 8 - type: integer 
	Parameter G_MASK_SS_TLAST bound to: 16 - type: integer 
	Parameter G_MASK_SS_TID bound to: 32 - type: integer 
	Parameter G_MASK_SS_TDEST bound to: 64 - type: integer 
	Parameter G_MASK_SS_TUSER bound to: 128 - type: integer 
	Parameter G_TASK_SEVERITY_ERR bound to: 2 - type: integer 
	Parameter G_TASK_SEVERITY_WARNING bound to: 1 - type: integer 
	Parameter G_TASK_SEVERITY_INFO bound to: 0 - type: integer 
	Parameter P_READY_EXIST bound to: 1'b1 
	Parameter P_DATA_EXIST bound to: 1'b1 
	Parameter P_STRB_EXIST bound to: 1'b1 
	Parameter P_KEEP_EXIST bound to: 1'b1 
	Parameter P_LAST_EXIST bound to: 1'b1 
	Parameter P_ID_EXIST bound to: 1'b0 
	Parameter P_DEST_EXIST bound to: 1'b0 
	Parameter P_USER_EXIST bound to: 1'b0 
	Parameter P_S_AXIS_TSTRB_WIDTH bound to: 1 - type: integer 
	Parameter P_M_AXIS_TSTRB_WIDTH bound to: 8 - type: integer 
	Parameter SM_RESET bound to: 3'b000 
	Parameter SM_IDLE bound to: 3'b001 
	Parameter SM_ACTIVE bound to: 3'b101 
	Parameter SM_END bound to: 3'b011 
	Parameter SM_END_TO_ACTIVE bound to: 3'b010 
INFO: [Synth 8-5534] Detected attribute (* fsm_encoding = "none" *) [/home/steve/Graduate_Research/MLP/build/Pynq-Z1-pynqZ1/_sds/p0/vivado/prj/prj.srcs/sources_1/bd/bare/ipshared/4ca6/hdl/axis_dwidth_converter_v1_1_vl_rfs.v:525]
INFO: [Synth 8-6155] done synthesizing module 'axis_dwidth_converter_v1_1_17_axisc_upsizer' (1#1) [/home/steve/Graduate_Research/MLP/build/Pynq-Z1-pynqZ1/_sds/p0/vivado/prj/prj.srcs/sources_1/bd/bare/ipshared/4ca6/hdl/axis_dwidth_converter_v1_1_vl_rfs.v:437]
INFO: [Synth 8-6157] synthesizing module 'axis_register_slice_v1_1_18_axis_register_slice' [/home/steve/Graduate_Research/MLP/build/Pynq-Z1-pynqZ1/_sds/p0/vivado/prj/prj.srcs/sources_1/bd/bare/ipshared/af00/hdl/axis_register_slice_v1_1_vl_rfs.v:2260]
	Parameter C_FAMILY bound to: zynq - type: string 
	Parameter C_AXIS_TDATA_WIDTH bound to: 8 - type: integer 
	Parameter C_AXIS_TID_WIDTH bound to: 1 - type: integer 
	Parameter C_AXIS_TDEST_WIDTH bound to: 1 - type: integer 
	Parameter C_AXIS_TUSER_WIDTH bound to: 1 - type: integer 
	Parameter C_AXIS_SIGNAL_SET bound to: 32'b00000000000000000000000000011111 
	Parameter C_REG_CONFIG bound to: 0 - type: integer 
	Parameter C_NUM_SLR_CROSSINGS bound to: 0 - type: integer 
	Parameter C_PIPELINES_MASTER bound to: 0 - type: integer 
	Parameter C_PIPELINES_SLAVE bound to: 0 - type: integer 
	Parameter C_PIPELINES_MIDDLE bound to: 0 - type: integer 
	Parameter G_INDX_SS_TREADY bound to: 0 - type: integer 
	Parameter G_INDX_SS_TDATA bound to: 1 - type: integer 
	Parameter G_INDX_SS_TSTRB bound to: 2 - type: integer 
	Parameter G_INDX_SS_TKEEP bound to: 3 - type: integer 
	Parameter G_INDX_SS_TLAST bound to: 4 - type: integer 
	Parameter G_INDX_SS_TID bound to: 5 - type: integer 
	Parameter G_INDX_SS_TDEST bound to: 6 - type: integer 
	Parameter G_INDX_SS_TUSER bound to: 7 - type: integer 
	Parameter G_MASK_SS_TREADY bound to: 1 - type: integer 
	Parameter G_MASK_SS_TDATA bound to: 2 - type: integer 
	Parameter G_MASK_SS_TSTRB bound to: 4 - type: integer 
	Parameter G_MASK_SS_TKEEP bound to: 8 - type: integer 
	Parameter G_MASK_SS_TLAST bound to: 16 - type: integer 
	Parameter G_MASK_SS_TID bound to: 32 - type: integer 
	Parameter G_MASK_SS_TDEST bound to: 64 - type: integer 
	Parameter G_MASK_SS_TUSER bound to: 128 - type: integer 
	Parameter G_TASK_SEVERITY_ERR bound to: 2 - type: integer 
	Parameter G_TASK_SEVERITY_WARNING bound to: 1 - type: integer 
	Parameter G_TASK_SEVERITY_INFO bound to: 0 - type: integer 
	Parameter P_TPAYLOAD_WIDTH bound to: 11 - type: integer 
INFO: [Synth 8-6157] synthesizing module 'axis_infrastructure_v1_1_0_util_axis2vector' [/home/steve/Graduate_Research/MLP/build/Pynq-Z1-pynqZ1/_sds/p0/vivado/prj/prj.srcs/sources_1/bd/bare/ipshared/8713/hdl/axis_infrastructure_v1_1_vl_rfs.v:810]
	Parameter C_TDATA_WIDTH bound to: 8 - type: integer 
	Parameter C_TID_WIDTH bound to: 1 - type: integer 
	Parameter C_TDEST_WIDTH bound to: 1 - type: integer 
	Parameter C_TUSER_WIDTH bound to: 1 - type: integer 
	Parameter C_TPAYLOAD_WIDTH bound to: 11 - type: integer 
	Parameter C_SIGNAL_SET bound to: 32'b00000000000000000000000000011111 
	Parameter G_INDX_SS_TREADY bound to: 0 - type: integer 
	Parameter G_INDX_SS_TDATA bound to: 1 - type: integer 
	Parameter G_INDX_SS_TSTRB bound to: 2 - type: integer 
	Parameter G_INDX_SS_TKEEP bound to: 3 - type: integer 
	Parameter G_INDX_SS_TLAST bound to: 4 - type: integer 
	Parameter G_INDX_SS_TID bound to: 5 - type: integer 
	Parameter G_INDX_SS_TDEST bound to: 6 - type: integer 
	Parameter G_INDX_SS_TUSER bound to: 7 - type: integer 
	Parameter G_MASK_SS_TREADY bound to: 1 - type: integer 
	Parameter G_MASK_SS_TDATA bound to: 2 - type: integer 
	Parameter G_MASK_SS_TSTRB bound to: 4 - type: integer 
	Parameter G_MASK_SS_TKEEP bound to: 8 - type: integer 
	Parameter G_MASK_SS_TLAST bound to: 16 - type: integer 
	Parameter G_MASK_SS_TID bound to: 32 - type: integer 
	Parameter G_MASK_SS_TDEST bound to: 64 - type: integer 
	Parameter G_MASK_SS_TUSER bound to: 128 - type: integer 
	Parameter G_TASK_SEVERITY_ERR bound to: 2 - type: integer 
	Parameter G_TASK_SEVERITY_WARNING bound to: 1 - type: integer 
	Parameter G_TASK_SEVERITY_INFO bound to: 0 - type: integer 
	Parameter P_TDATA_INDX bound to: 0 - type: integer 
	Parameter P_TSTRB_INDX bound to: 8 - type: integer 
	Parameter P_TKEEP_INDX bound to: 9 - type: integer 
	Parameter P_TLAST_INDX bound to: 10 - type: integer 
	Parameter P_TID_INDX bound to: 11 - type: integer 
	Parameter P_TDEST_INDX bound to: 11 - type: integer 
	Parameter P_TUSER_INDX bound to: 11 - type: integer 
INFO: [Synth 8-6155] done synthesizing module 'axis_infrastructure_v1_1_0_util_axis2vector' (2#1) [/home/steve/Graduate_Research/MLP/build/Pynq-Z1-pynqZ1/_sds/p0/vivado/prj/prj.srcs/sources_1/bd/bare/ipshared/8713/hdl/axis_infrastructure_v1_1_vl_rfs.v:810]
INFO: [Synth 8-6157] synthesizing module 'axis_register_slice_v1_1_18_axisc_register_slice' [/home/steve/Graduate_Research/MLP/build/Pynq-Z1-pynqZ1/_sds/p0/vivado/prj/prj.srcs/sources_1/bd/bare/ipshared/af00/hdl/axis_register_slice_v1_1_vl_rfs.v:1448]
	Parameter C_FAMILY bound to: zynq - type: string 
	Parameter C_DATA_WIDTH bound to: 11 - type: integer 
	Parameter C_REG_CONFIG bound to: 0 - type: integer 
	Parameter C_NUM_SLR_CROSSINGS bound to: 0 - type: integer 
	Parameter C_PIPELINES_MASTER bound to: 0 - type: integer 
	Parameter C_PIPELINES_SLAVE bound to: 0 - type: integer 
	Parameter C_PIPELINES_MIDDLE bound to: 0 - type: integer 
INFO: [Synth 8-6155] done synthesizing module 'axis_register_slice_v1_1_18_axisc_register_slice' (3#1) [/home/steve/Graduate_Research/MLP/build/Pynq-Z1-pynqZ1/_sds/p0/vivado/prj/prj.srcs/sources_1/bd/bare/ipshared/af00/hdl/axis_register_slice_v1_1_vl_rfs.v:1448]
INFO: [Synth 8-6157] synthesizing module 'axis_infrastructure_v1_1_0_util_vector2axis' [/home/steve/Graduate_Research/MLP/build/Pynq-Z1-pynqZ1/_sds/p0/vivado/prj/prj.srcs/sources_1/bd/bare/ipshared/8713/hdl/axis_infrastructure_v1_1_vl_rfs.v:992]
	Parameter C_TDATA_WIDTH bound to: 8 - type: integer 
	Parameter C_TID_WIDTH bound to: 1 - type: integer 
	Parameter C_TDEST_WIDTH bound to: 1 - type: integer 
	Parameter C_TUSER_WIDTH bound to: 1 - type: integer 
	Parameter C_TPAYLOAD_WIDTH bound to: 11 - type: integer 
	Parameter C_SIGNAL_SET bound to: 32'b00000000000000000000000000011111 
	Parameter G_INDX_SS_TREADY bound to: 0 - type: integer 
	Parameter G_INDX_SS_TDATA bound to: 1 - type: integer 
	Parameter G_INDX_SS_TSTRB bound to: 2 - type: integer 
	Parameter G_INDX_SS_TKEEP bound to: 3 - type: integer 
	Parameter G_INDX_SS_TLAST bound to: 4 - type: integer 
	Parameter G_INDX_SS_TID bound to: 5 - type: integer 
	Parameter G_INDX_SS_TDEST bound to: 6 - type: integer 
	Parameter G_INDX_SS_TUSER bound to: 7 - type: integer 
	Parameter G_MASK_SS_TREADY bound to: 1 - type: integer 
	Parameter G_MASK_SS_TDATA bound to: 2 - type: integer 
	Parameter G_MASK_SS_TSTRB bound to: 4 - type: integer 
	Parameter G_MASK_SS_TKEEP bound to: 8 - type: integer 
	Parameter G_MASK_SS_TLAST bound to: 16 - type: integer 
	Parameter G_MASK_SS_TID bound to: 32 - type: integer 
	Parameter G_MASK_SS_TDEST bound to: 64 - type: integer 
	Parameter G_MASK_SS_TUSER bound to: 128 - type: integer 
	Parameter G_TASK_SEVERITY_ERR bound to: 2 - type: integer 
	Parameter G_TASK_SEVERITY_WARNING bound to: 1 - type: integer 
	Parameter G_TASK_SEVERITY_INFO bound to: 0 - type: integer 
	Parameter P_TDATA_INDX bound to: 0 - type: integer 
	Parameter P_TSTRB_INDX bound to: 8 - type: integer 
	Parameter P_TKEEP_INDX bound to: 9 - type: integer 
	Parameter P_TLAST_INDX bound to: 10 - type: integer 
	Parameter P_TID_INDX bound to: 11 - type: integer 
	Parameter P_TDEST_INDX bound to: 11 - type: integer 
	Parameter P_TUSER_INDX bound to: 11 - type: integer 
INFO: [Synth 8-6155] done synthesizing module 'axis_infrastructure_v1_1_0_util_vector2axis' (4#1) [/home/steve/Graduate_Research/MLP/build/Pynq-Z1-pynqZ1/_sds/p0/vivado/prj/prj.srcs/sources_1/bd/bare/ipshared/8713/hdl/axis_infrastructure_v1_1_vl_rfs.v:992]
INFO: [Synth 8-6155] done synthesizing module 'axis_register_slice_v1_1_18_axis_register_slice' (5#1) [/home/steve/Graduate_Research/MLP/build/Pynq-Z1-pynqZ1/_sds/p0/vivado/prj/prj.srcs/sources_1/bd/bare/ipshared/af00/hdl/axis_register_slice_v1_1_vl_rfs.v:2260]
INFO: [Synth 8-6157] synthesizing module 'axis_register_slice_v1_1_18_axis_register_slice__parameterized0' [/home/steve/Graduate_Research/MLP/build/Pynq-Z1-pynqZ1/_sds/p0/vivado/prj/prj.srcs/sources_1/bd/bare/ipshared/af00/hdl/axis_register_slice_v1_1_vl_rfs.v:2260]
	Parameter C_FAMILY bound to: zynq - type: string 
	Parameter C_AXIS_TDATA_WIDTH bound to: 64 - type: integer 
	Parameter C_AXIS_TID_WIDTH bound to: 1 - type: integer 
	Parameter C_AXIS_TDEST_WIDTH bound to: 1 - type: integer 
	Parameter C_AXIS_TUSER_WIDTH bound to: 8 - type: integer 
	Parameter C_AXIS_SIGNAL_SET bound to: 32'b00000000000000000000000000011111 
	Parameter C_REG_CONFIG bound to: 0 - type: integer 
	Parameter C_NUM_SLR_CROSSINGS bound to: 0 - type: integer 
	Parameter C_PIPELINES_MASTER bound to: 0 - type: integer 
	Parameter C_PIPELINES_SLAVE bound to: 0 - type: integer 
	Parameter C_PIPELINES_MIDDLE bound to: 0 - type: integer 
	Parameter G_INDX_SS_TREADY bound to: 0 - type: integer 
	Parameter G_INDX_SS_TDATA bound to: 1 - type: integer 
	Parameter G_INDX_SS_TSTRB bound to: 2 - type: integer 
	Parameter G_INDX_SS_TKEEP bound to: 3 - type: integer 
	Parameter G_INDX_SS_TLAST bound to: 4 - type: integer 
	Parameter G_INDX_SS_TID bound to: 5 - type: integer 
	Parameter G_INDX_SS_TDEST bound to: 6 - type: integer 
	Parameter G_INDX_SS_TUSER bound to: 7 - type: integer 
	Parameter G_MASK_SS_TREADY bound to: 1 - type: integer 
	Parameter G_MASK_SS_TDATA bound to: 2 - type: integer 
	Parameter G_MASK_SS_TSTRB bound to: 4 - type: integer 
	Parameter G_MASK_SS_TKEEP bound to: 8 - type: integer 
	Parameter G_MASK_SS_TLAST bound to: 16 - type: integer 
	Parameter G_MASK_SS_TID bound to: 32 - type: integer 
	Parameter G_MASK_SS_TDEST bound to: 64 - type: integer 
	Parameter G_MASK_SS_TUSER bound to: 128 - type: integer 
	Parameter G_TASK_SEVERITY_ERR bound to: 2 - type: integer 
	Parameter G_TASK_SEVERITY_WARNING bound to: 1 - type: integer 
	Parameter G_TASK_SEVERITY_INFO bound to: 0 - type: integer 
	Parameter P_TPAYLOAD_WIDTH bound to: 81 - type: integer 
INFO: [Synth 8-6157] synthesizing module 'axis_infrastructure_v1_1_0_util_axis2vector__parameterized0' [/home/steve/Graduate_Research/MLP/build/Pynq-Z1-pynqZ1/_sds/p0/vivado/prj/prj.srcs/sources_1/bd/bare/ipshared/8713/hdl/axis_infrastructure_v1_1_vl_rfs.v:810]
	Parameter C_TDATA_WIDTH bound to: 64 - type: integer 
	Parameter C_TID_WIDTH bound to: 1 - type: integer 
	Parameter C_TDEST_WIDTH bound to: 1 - type: integer 
	Parameter C_TUSER_WIDTH bound to: 8 - type: integer 
	Parameter C_TPAYLOAD_WIDTH bound to: 81 - type: integer 
	Parameter C_SIGNAL_SET bound to: 32'b00000000000000000000000000011111 
	Parameter G_INDX_SS_TREADY bound to: 0 - type: integer 
	Parameter G_INDX_SS_TDATA bound to: 1 - type: integer 
	Parameter G_INDX_SS_TSTRB bound to: 2 - type: integer 
	Parameter G_INDX_SS_TKEEP bound to: 3 - type: integer 
	Parameter G_INDX_SS_TLAST bound to: 4 - type: integer 
	Parameter G_INDX_SS_TID bound to: 5 - type: integer 
	Parameter G_INDX_SS_TDEST bound to: 6 - type: integer 
	Parameter G_INDX_SS_TUSER bound to: 7 - type: integer 
	Parameter G_MASK_SS_TREADY bound to: 1 - type: integer 
	Parameter G_MASK_SS_TDATA bound to: 2 - type: integer 
	Parameter G_MASK_SS_TSTRB bound to: 4 - type: integer 
	Parameter G_MASK_SS_TKEEP bound to: 8 - type: integer 
	Parameter G_MASK_SS_TLAST bound to: 16 - type: integer 
	Parameter G_MASK_SS_TID bound to: 32 - type: integer 
	Parameter G_MASK_SS_TDEST bound to: 64 - type: integer 
	Parameter G_MASK_SS_TUSER bound to: 128 - type: integer 
	Parameter G_TASK_SEVERITY_ERR bound to: 2 - type: integer 
	Parameter G_TASK_SEVERITY_WARNING bound to: 1 - type: integer 
	Parameter G_TASK_SEVERITY_INFO bound to: 0 - type: integer 
	Parameter P_TDATA_INDX bound to: 0 - type: integer 
	Parameter P_TSTRB_INDX bound to: 64 - type: integer 
	Parameter P_TKEEP_INDX bound to: 72 - type: integer 
	Parameter P_TLAST_INDX bound to: 80 - type: integer 
	Parameter P_TID_INDX bound to: 81 - type: integer 
	Parameter P_TDEST_INDX bound to: 81 - type: integer 
	Parameter P_TUSER_INDX bound to: 81 - type: integer 
INFO: [Synth 8-6155] done synthesizing module 'axis_infrastructure_v1_1_0_util_axis2vector__parameterized0' (5#1) [/home/steve/Graduate_Research/MLP/build/Pynq-Z1-pynqZ1/_sds/p0/vivado/prj/prj.srcs/sources_1/bd/bare/ipshared/8713/hdl/axis_infrastructure_v1_1_vl_rfs.v:810]
INFO: [Synth 8-6157] synthesizing module 'axis_register_slice_v1_1_18_axisc_register_slice__parameterized0' [/home/steve/Graduate_Research/MLP/build/Pynq-Z1-pynqZ1/_sds/p0/vivado/prj/prj.srcs/sources_1/bd/bare/ipshared/af00/hdl/axis_register_slice_v1_1_vl_rfs.v:1448]
	Parameter C_FAMILY bound to: zynq - type: string 
	Parameter C_DATA_WIDTH bound to: 81 - type: integer 
	Parameter C_REG_CONFIG bound to: 0 - type: integer 
	Parameter C_NUM_SLR_CROSSINGS bound to: 0 - type: integer 
	Parameter C_PIPELINES_MASTER bound to: 0 - type: integer 
	Parameter C_PIPELINES_SLAVE bound to: 0 - type: integer 
	Parameter C_PIPELINES_MIDDLE bound to: 0 - type: integer 
INFO: [Synth 8-6155] done synthesizing module 'axis_register_slice_v1_1_18_axisc_register_slice__parameterized0' (5#1) [/home/steve/Graduate_Research/MLP/build/Pynq-Z1-pynqZ1/_sds/p0/vivado/prj/prj.srcs/sources_1/bd/bare/ipshared/af00/hdl/axis_register_slice_v1_1_vl_rfs.v:1448]
INFO: [Synth 8-6157] synthesizing module 'axis_infrastructure_v1_1_0_util_vector2axis__parameterized0' [/home/steve/Graduate_Research/MLP/build/Pynq-Z1-pynqZ1/_sds/p0/vivado/prj/prj.srcs/sources_1/bd/bare/ipshared/8713/hdl/axis_infrastructure_v1_1_vl_rfs.v:992]
	Parameter C_TDATA_WIDTH bound to: 64 - type: integer 
	Parameter C_TID_WIDTH bound to: 1 - type: integer 
	Parameter C_TDEST_WIDTH bound to: 1 - type: integer 
	Parameter C_TUSER_WIDTH bound to: 8 - type: integer 
	Parameter C_TPAYLOAD_WIDTH bound to: 81 - type: integer 
	Parameter C_SIGNAL_SET bound to: 32'b00000000000000000000000000011111 
	Parameter G_INDX_SS_TREADY bound to: 0 - type: integer 
	Parameter G_INDX_SS_TDATA bound to: 1 - type: integer 
	Parameter G_INDX_SS_TSTRB bound to: 2 - type: integer 
	Parameter G_INDX_SS_TKEEP bound to: 3 - type: integer 
	Parameter G_INDX_SS_TLAST bound to: 4 - type: integer 
	Parameter G_INDX_SS_TID bound to: 5 - type: integer 
	Parameter G_INDX_SS_TDEST bound to: 6 - type: integer 
	Parameter G_INDX_SS_TUSER bound to: 7 - type: integer 
	Parameter G_MASK_SS_TREADY bound to: 1 - type: integer 
	Parameter G_MASK_SS_TDATA bound to: 2 - type: integer 
	Parameter G_MASK_SS_TSTRB bound to: 4 - type: integer 
	Parameter G_MASK_SS_TKEEP bound to: 8 - type: integer 
	Parameter G_MASK_SS_TLAST bound to: 16 - type: integer 
	Parameter G_MASK_SS_TID bound to: 32 - type: integer 
	Parameter G_MASK_SS_TDEST bound to: 64 - type: integer 
	Parameter G_MASK_SS_TUSER bound to: 128 - type: integer 
	Parameter G_TASK_SEVERITY_ERR bound to: 2 - type: integer 
	Parameter G_TASK_SEVERITY_WARNING bound to: 1 - type: integer 
	Parameter G_TASK_SEVERITY_INFO bound to: 0 - type: integer 
	Parameter P_TDATA_INDX bound to: 0 - type: integer 
	Parameter P_TSTRB_INDX bound to: 64 - type: integer 
	Parameter P_TKEEP_INDX bound to: 72 - type: integer 
	Parameter P_TLAST_INDX bound to: 80 - type: integer 
	Parameter P_TID_INDX bound to: 81 - type: integer 
	Parameter P_TDEST_INDX bound to: 81 - type: integer 
	Parameter P_TUSER_INDX bound to: 81 - type: integer 
INFO: [Synth 8-6155] done synthesizing module 'axis_infrastructure_v1_1_0_util_vector2axis__parameterized0' (5#1) [/home/steve/Graduate_Research/MLP/build/Pynq-Z1-pynqZ1/_sds/p0/vivado/prj/prj.srcs/sources_1/bd/bare/ipshared/8713/hdl/axis_infrastructure_v1_1_vl_rfs.v:992]
INFO: [Synth 8-6155] done synthesizing module 'axis_register_slice_v1_1_18_axis_register_slice__parameterized0' (5#1) [/home/steve/Graduate_Research/MLP/build/Pynq-Z1-pynqZ1/_sds/p0/vivado/prj/prj.srcs/sources_1/bd/bare/ipshared/af00/hdl/axis_register_slice_v1_1_vl_rfs.v:2260]
INFO: [Synth 8-6155] done synthesizing module 'axis_dwidth_converter_v1_1_17_axis_dwidth_converter' (6#1) [/home/steve/Graduate_Research/MLP/build/Pynq-Z1-pynqZ1/_sds/p0/vivado/prj/prj.srcs/sources_1/bd/bare/ipshared/4ca6/hdl/axis_dwidth_converter_v1_1_vl_rfs.v:810]
INFO: [Synth 8-6155] done synthesizing module 'bare_axis_dwc_dm_5_rx_0_0' (7#1) [/home/steve/Graduate_Research/MLP/build/Pynq-Z1-pynqZ1/_sds/p0/vivado/prj/prj.srcs/sources_1/bd/bare/ip/bare_axis_dwc_dm_5_rx_0_0/synth/bare_axis_dwc_dm_5_rx_0_0.v:57]
WARNING: [Synth 8-3331] design axis_register_slice_v1_1_18_axisc_register_slice__parameterized0 has unconnected port ACLK
WARNING: [Synth 8-3331] design axis_register_slice_v1_1_18_axisc_register_slice__parameterized0 has unconnected port ACLK2X
WARNING: [Synth 8-3331] design axis_register_slice_v1_1_18_axisc_register_slice__parameterized0 has unconnected port ARESET
WARNING: [Synth 8-3331] design axis_register_slice_v1_1_18_axisc_register_slice__parameterized0 has unconnected port ACLKEN
WARNING: [Synth 8-3331] design axis_infrastructure_v1_1_0_util_axis2vector__parameterized0 has unconnected port TID[0]
WARNING: [Synth 8-3331] design axis_infrastructure_v1_1_0_util_axis2vector__parameterized0 has unconnected port TDEST[0]
WARNING: [Synth 8-3331] design axis_infrastructure_v1_1_0_util_axis2vector__parameterized0 has unconnected port TUSER[7]
WARNING: [Synth 8-3331] design axis_infrastructure_v1_1_0_util_axis2vector__parameterized0 has unconnected port TUSER[6]
WARNING: [Synth 8-3331] design axis_infrastructure_v1_1_0_util_axis2vector__parameterized0 has unconnected port TUSER[5]
WARNING: [Synth 8-3331] design axis_infrastructure_v1_1_0_util_axis2vector__parameterized0 has unconnected port TUSER[4]
WARNING: [Synth 8-3331] design axis_infrastructure_v1_1_0_util_axis2vector__parameterized0 has unconnected port TUSER[3]
WARNING: [Synth 8-3331] design axis_infrastructure_v1_1_0_util_axis2vector__parameterized0 has unconnected port TUSER[2]
WARNING: [Synth 8-3331] design axis_infrastructure_v1_1_0_util_axis2vector__parameterized0 has unconnected port TUSER[1]
WARNING: [Synth 8-3331] design axis_infrastructure_v1_1_0_util_axis2vector__parameterized0 has unconnected port TUSER[0]
WARNING: [Synth 8-3331] design axis_register_slice_v1_1_18_axisc_register_slice has unconnected port ACLK
WARNING: [Synth 8-3331] design axis_register_slice_v1_1_18_axisc_register_slice has unconnected port ACLK2X
WARNING: [Synth 8-3331] design axis_register_slice_v1_1_18_axisc_register_slice has unconnected port ARESET
WARNING: [Synth 8-3331] design axis_register_slice_v1_1_18_axisc_register_slice has unconnected port ACLKEN
WARNING: [Synth 8-3331] design axis_infrastructure_v1_1_0_util_axis2vector has unconnected port TID[0]
WARNING: [Synth 8-3331] design axis_infrastructure_v1_1_0_util_axis2vector has unconnected port TDEST[0]
WARNING: [Synth 8-3331] design axis_infrastructure_v1_1_0_util_axis2vector has unconnected port TUSER[0]
WARNING: [Synth 8-3331] design axis_dwidth_converter_v1_1_17_axis_dwidth_converter has unconnected port s_axis_tuser[0]
---------------------------------------------------------------------------------
Finished RTL Elaboration : Time (s): cpu = 00:00:03 ; elapsed = 00:00:03 . Memory (MB): peak = 1573.918 ; gain = 63.633 ; free physical = 3054 ; free virtual = 7706
---------------------------------------------------------------------------------

Report Check Netlist: 
+------+------------------+-------+---------+-------+------------------+
|      |Item              |Errors |Warnings |Status |Description       |
+------+------------------+-------+---------+-------+------------------+
|1     |multi_driven_nets |      0|        0|Passed |Multi driven nets |
+------+------------------+-------+---------+-------+------------------+
---------------------------------------------------------------------------------
Start Handling Custom Attributes
---------------------------------------------------------------------------------
---------------------------------------------------------------------------------
Finished Handling Custom Attributes : Time (s): cpu = 00:00:03 ; elapsed = 00:00:03 . Memory (MB): peak = 1573.918 ; gain = 63.633 ; free physical = 3038 ; free virtual = 7690
---------------------------------------------------------------------------------
---------------------------------------------------------------------------------
Finished RTL Optimization Phase 1 : Time (s): cpu = 00:00:03 ; elapsed = 00:00:03 . Memory (MB): peak = 1573.918 ; gain = 63.633 ; free physical = 3038 ; free virtual = 7690
---------------------------------------------------------------------------------
INFO: [Device 21-403] Loading part xc7z020clg400-1
INFO: [Project 1-570] Preparing netlist for logic optimization

Processing XDC Constraints
Initializing timing engine
Parsing XDC File [/home/steve/Graduate_Research/MLP/build/Pynq-Z1-pynqZ1/_sds/p0/vivado/prj/prj.srcs/sources_1/bd/bare/ip/bare_axis_dwc_dm_5_rx_0_0/bare_axis_dwc_dm_5_rx_0_0_ooc.xdc] for cell 'inst'
Finished Parsing XDC File [/home/steve/Graduate_Research/MLP/build/Pynq-Z1-pynqZ1/_sds/p0/vivado/prj/prj.srcs/sources_1/bd/bare/ip/bare_axis_dwc_dm_5_rx_0_0/bare_axis_dwc_dm_5_rx_0_0_ooc.xdc] for cell 'inst'
Parsing XDC File [/home/steve/Graduate_Research/MLP/build/Pynq-Z1-pynqZ1/_sds/p0/vivado/prj/prj.runs/bare_axis_dwc_dm_5_rx_0_0_synth_1/dont_touch.xdc]
Finished Parsing XDC File [/home/steve/Graduate_Research/MLP/build/Pynq-Z1-pynqZ1/_sds/p0/vivado/prj/prj.runs/bare_axis_dwc_dm_5_rx_0_0_synth_1/dont_touch.xdc]
Completed Processing XDC Constraints

Netlist sorting complete. Time (s): cpu = 00:00:00 ; elapsed = 00:00:00 . Memory (MB): peak = 1894.906 ; gain = 0.000 ; free physical = 2725 ; free virtual = 7370
INFO: [Project 1-111] Unisim Transformation Summary:
No Unisim elements were transformed.

Netlist sorting complete. Time (s): cpu = 00:00:00 ; elapsed = 00:00:00 . Memory (MB): peak = 1894.906 ; gain = 0.000 ; free physical = 2725 ; free virtual = 7370
Constraint Validation Runtime : Time (s): cpu = 00:00:00.01 ; elapsed = 00:00:00.02 . Memory (MB): peak = 1894.906 ; gain = 0.000 ; free physical = 2723 ; free virtual = 7368
---------------------------------------------------------------------------------
Finished Constraint Validation : Time (s): cpu = 00:00:08 ; elapsed = 00:00:10 . Memory (MB): peak = 1894.906 ; gain = 384.621 ; free physical = 2573 ; free virtual = 7220
---------------------------------------------------------------------------------
---------------------------------------------------------------------------------
Start Loading Part and Timing Information
---------------------------------------------------------------------------------
Loading part: xc7z020clg400-1
---------------------------------------------------------------------------------
Finished Loading Part and Timing Information : Time (s): cpu = 00:00:08 ; elapsed = 00:00:10 . Memory (MB): peak = 1894.906 ; gain = 384.621 ; free physical = 2573 ; free virtual = 7220
---------------------------------------------------------------------------------
---------------------------------------------------------------------------------
Start Applying 'set_property' XDC Constraints
---------------------------------------------------------------------------------
Applied set_property DONT_TOUCH = true for inst. (constraint file  /home/steve/Graduate_Research/MLP/build/Pynq-Z1-pynqZ1/_sds/p0/vivado/prj/prj.runs/bare_axis_dwc_dm_5_rx_0_0_synth_1/dont_touch.xdc, line 9).
---------------------------------------------------------------------------------
Finished applying 'set_property' XDC Constraints : Time (s): cpu = 00:00:08 ; elapsed = 00:00:10 . Memory (MB): peak = 1894.906 ; gain = 384.621 ; free physical = 2572 ; free virtual = 7219
---------------------------------------------------------------------------------
INFO: [Synth 8-4490] FSM extraction disabled for register 'state_reg' through user attribute
INFO: [Synth 8-5544] ROM "r0_reg_sel0" won't be mapped to Block RAM because address size (3) smaller than threshold (5)
INFO: [Synth 8-5544] ROM "r0_reg_sel0" won't be mapped to Block RAM because address size (3) smaller than threshold (5)
---------------------------------------------------------------------------------
Finished RTL Optimization Phase 2 : Time (s): cpu = 00:00:08 ; elapsed = 00:00:10 . Memory (MB): peak = 1894.906 ; gain = 384.621 ; free physical = 2546 ; free virtual = 7189
---------------------------------------------------------------------------------

Report RTL Partitions: 
+-+--------------+------------+----------+
| |RTL Partition |Replication |Instances |
+-+--------------+------------+----------+
+-+--------------+------------+----------+
---------------------------------------------------------------------------------
Start RTL Component Statistics 
---------------------------------------------------------------------------------
Detailed RTL Component Info : 
+---Registers : 
	                8 Bit    Registers := 10    
	                3 Bit    Registers := 1     
	                1 Bit    Registers := 36    
+---Muxes : 
	   2 Input      8 Bit        Muxes := 3     
	   2 Input      7 Bit        Muxes := 2     
	   3 Input      3 Bit        Muxes := 2     
	   2 Input      3 Bit        Muxes := 3     
	   2 Input      2 Bit        Muxes := 2     
	   3 Input      1 Bit        Muxes := 1     
---------------------------------------------------------------------------------
Finished RTL Component Statistics 
---------------------------------------------------------------------------------
---------------------------------------------------------------------------------
Start RTL Hierarchical Component Statistics 
---------------------------------------------------------------------------------
Hierarchical RTL Component report 
Module axis_dwidth_converter_v1_1_17_axisc_upsizer 
Detailed RTL Component Info : 
+---Registers : 
	                8 Bit    Registers := 10    
	                3 Bit    Registers := 1     
	                1 Bit    Registers := 33    
+---Muxes : 
	   2 Input      8 Bit        Muxes := 3     
	   2 Input      7 Bit        Muxes := 2     
	   3 Input      3 Bit        Muxes := 2     
	   2 Input      3 Bit        Muxes := 3     
	   2 Input      2 Bit        Muxes := 2     
	   3 Input      1 Bit        Muxes := 1     
Module axis_register_slice_v1_1_18_axis_register_slice 
Detailed RTL Component Info : 
+---Registers : 
	                1 Bit    Registers := 1     
Module axis_register_slice_v1_1_18_axis_register_slice__parameterized0 
Detailed RTL Component Info : 
+---Registers : 
	                1 Bit    Registers := 1     
Module axis_dwidth_converter_v1_1_17_axis_dwidth_converter 
Detailed RTL Component Info : 
+---Registers : 
	                1 Bit    Registers := 1     
---------------------------------------------------------------------------------
Finished RTL Hierarchical Component Statistics
---------------------------------------------------------------------------------
---------------------------------------------------------------------------------
Start Part Resource Summary
---------------------------------------------------------------------------------
Part Resources:
DSPs: 220 (col length:60)
BRAMs: 280 (col length: RAMB18 60 RAMB36 30)
---------------------------------------------------------------------------------
Finished Part Resource Summary
---------------------------------------------------------------------------------
---------------------------------------------------------------------------------
Start Cross Boundary and Area Optimization
---------------------------------------------------------------------------------
Warning: Parallel synthesis criteria is not met 
INFO: [Synth 8-4471] merging register 'gen_upsizer_conversion.axisc_upsizer_0/r0_dest_reg[0:0]' into 'gen_upsizer_conversion.axisc_upsizer_0/r0_id_reg[0:0]' [/home/steve/Graduate_Research/MLP/build/Pynq-Z1-pynqZ1/_sds/p0/vivado/prj/prj.srcs/sources_1/bd/bare/ipshared/4ca6/hdl/axis_dwidth_converter_v1_1_vl_rfs.v:707]
INFO: [Synth 8-5544] ROM "gen_upsizer_conversion.axisc_upsizer_0/r0_reg_sel0" won't be mapped to Block RAM because address size (3) smaller than threshold (5)
WARNING: [Synth 8-3331] design axis_dwidth_converter_v1_1_17_axis_dwidth_converter has unconnected port s_axis_tid[0]
WARNING: [Synth 8-3331] design axis_dwidth_converter_v1_1_17_axis_dwidth_converter has unconnected port s_axis_tdest[0]
WARNING: [Synth 8-3331] design axis_dwidth_converter_v1_1_17_axis_dwidth_converter has unconnected port s_axis_tuser[0]
---------------------------------------------------------------------------------
Finished Cross Boundary and Area Optimization : Time (s): cpu = 00:00:09 ; elapsed = 00:00:11 . Memory (MB): peak = 1894.906 ; gain = 384.621 ; free physical = 3243 ; free virtual = 7887
---------------------------------------------------------------------------------

Report RTL Partitions: 
+-+--------------+------------+----------+
| |RTL Partition |Replication |Instances |
+-+--------------+------------+----------+
+-+--------------+------------+----------+
---------------------------------------------------------------------------------
Start Applying XDC Timing Constraints
---------------------------------------------------------------------------------
---------------------------------------------------------------------------------
Finished Applying XDC Timing Constraints : Time (s): cpu = 00:00:14 ; elapsed = 00:00:15 . Memory (MB): peak = 1894.906 ; gain = 384.621 ; free physical = 2985 ; free virtual = 7637
---------------------------------------------------------------------------------
---------------------------------------------------------------------------------
Start Timing Optimization
---------------------------------------------------------------------------------
---------------------------------------------------------------------------------
Finished Timing Optimization : Time (s): cpu = 00:00:14 ; elapsed = 00:00:15 . Memory (MB): peak = 1894.906 ; gain = 384.621 ; free physical = 2985 ; free virtual = 7637
---------------------------------------------------------------------------------

Report RTL Partitions: 
+-+--------------+------------+----------+
| |RTL Partition |Replication |Instances |
+-+--------------+------------+----------+
+-+--------------+------------+----------+
---------------------------------------------------------------------------------
Start Technology Mapping
---------------------------------------------------------------------------------
---------------------------------------------------------------------------------
Finished Technology Mapping : Time (s): cpu = 00:00:14 ; elapsed = 00:00:15 . Memory (MB): peak = 1894.906 ; gain = 384.621 ; free physical = 2985 ; free virtual = 7637
---------------------------------------------------------------------------------

Report RTL Partitions: 
+-+--------------+------------+----------+
| |RTL Partition |Replication |Instances |
+-+--------------+------------+----------+
+-+--------------+------------+----------+
---------------------------------------------------------------------------------
Start IO Insertion
---------------------------------------------------------------------------------
---------------------------------------------------------------------------------
Start Flattening Before IO Insertion
---------------------------------------------------------------------------------
---------------------------------------------------------------------------------
Finished Flattening Before IO Insertion
---------------------------------------------------------------------------------
---------------------------------------------------------------------------------
Start Final Netlist Cleanup
---------------------------------------------------------------------------------
---------------------------------------------------------------------------------
Finished Final Netlist Cleanup
---------------------------------------------------------------------------------
---------------------------------------------------------------------------------
Finished IO Insertion : Time (s): cpu = 00:00:14 ; elapsed = 00:00:16 . Memory (MB): peak = 1894.906 ; gain = 384.621 ; free physical = 2869 ; free virtual = 7521
---------------------------------------------------------------------------------

Report Check Netlist: 
+------+------------------+-------+---------+-------+------------------+
|      |Item              |Errors |Warnings |Status |Description       |
+------+------------------+-------+---------+-------+------------------+
|1     |multi_driven_nets |      0|        0|Passed |Multi driven nets |
+------+------------------+-------+---------+-------+------------------+
---------------------------------------------------------------------------------
Start Renaming Generated Instances
---------------------------------------------------------------------------------
---------------------------------------------------------------------------------
Finished Renaming Generated Instances : Time (s): cpu = 00:00:14 ; elapsed = 00:00:16 . Memory (MB): peak = 1894.906 ; gain = 384.621 ; free physical = 2869 ; free virtual = 7521
---------------------------------------------------------------------------------

Report RTL Partitions: 
+-+--------------+------------+----------+
| |RTL Partition |Replication |Instances |
+-+--------------+------------+----------+
+-+--------------+------------+----------+
---------------------------------------------------------------------------------
Start Rebuilding User Hierarchy
---------------------------------------------------------------------------------
---------------------------------------------------------------------------------
Finished Rebuilding User Hierarchy : Time (s): cpu = 00:00:14 ; elapsed = 00:00:16 . Memory (MB): peak = 1894.906 ; gain = 384.621 ; free physical = 2869 ; free virtual = 7521
---------------------------------------------------------------------------------
---------------------------------------------------------------------------------
Start Renaming Generated Ports
---------------------------------------------------------------------------------
---------------------------------------------------------------------------------
Finished Renaming Generated Ports : Time (s): cpu = 00:00:14 ; elapsed = 00:00:16 . Memory (MB): peak = 1894.906 ; gain = 384.621 ; free physical = 2869 ; free virtual = 7521
---------------------------------------------------------------------------------
---------------------------------------------------------------------------------
Start Handling Custom Attributes
---------------------------------------------------------------------------------
---------------------------------------------------------------------------------
Finished Handling Custom Attributes : Time (s): cpu = 00:00:14 ; elapsed = 00:00:16 . Memory (MB): peak = 1894.906 ; gain = 384.621 ; free physical = 2869 ; free virtual = 7521
---------------------------------------------------------------------------------
---------------------------------------------------------------------------------
Start Renaming Generated Nets
---------------------------------------------------------------------------------
---------------------------------------------------------------------------------
Finished Renaming Generated Nets : Time (s): cpu = 00:00:14 ; elapsed = 00:00:16 . Memory (MB): peak = 1894.906 ; gain = 384.621 ; free physical = 2895 ; free virtual = 7547
---------------------------------------------------------------------------------
---------------------------------------------------------------------------------
Start Writing Synthesis Report
---------------------------------------------------------------------------------

Report BlackBoxes: 
+-+--------------+----------+
| |BlackBox name |Instances |
+-+--------------+----------+
+-+--------------+----------+

Report Cell Usage: 
+------+-----+------+
|      |Cell |Count |
+------+-----+------+
|1     |LUT1 |     1|
|2     |LUT2 |     2|
|3     |LUT3 |     3|
|4     |LUT4 |    17|
|5     |LUT5 |     8|
|6     |LUT6 |     8|
|7     |FDRE |   104|
+------+-----+------+

Report Instance Areas: 
+------+---------------------------------------------+----------------------------------------------------+------+
|      |Instance                                     |Module                                              |Cells |
+------+---------------------------------------------+----------------------------------------------------+------+
|1     |top                                          |                                                    |   143|
|2     |  inst                                       |axis_dwidth_converter_v1_1_17_axis_dwidth_converter |   143|
|3     |    \gen_upsizer_conversion.axisc_upsizer_0  |axis_dwidth_converter_v1_1_17_axisc_upsizer         |   141|
+------+---------------------------------------------+----------------------------------------------------+------+
---------------------------------------------------------------------------------
Finished Writing Synthesis Report : Time (s): cpu = 00:00:14 ; elapsed = 00:00:16 . Memory (MB): peak = 1894.906 ; gain = 384.621 ; free physical = 2918 ; free virtual = 7570
---------------------------------------------------------------------------------
Synthesis finished with 0 errors, 0 critical warnings and 3 warnings.
Synthesis Optimization Runtime : Time (s): cpu = 00:00:10 ; elapsed = 00:00:11 . Memory (MB): peak = 1894.906 ; gain = 63.633 ; free physical = 2897 ; free virtual = 7549
Synthesis Optimization Complete : Time (s): cpu = 00:00:14 ; elapsed = 00:00:16 . Memory (MB): peak = 1894.914 ; gain = 384.621 ; free physical = 2896 ; free virtual = 7548
INFO: [Project 1-571] Translating synthesized netlist
INFO: [Project 1-570] Preparing netlist for logic optimization
INFO: [Opt 31-138] Pushed 0 inverter(s) to 0 load pin(s).
Netlist sorting complete. Time (s): cpu = 00:00:00 ; elapsed = 00:00:00 . Memory (MB): peak = 1894.914 ; gain = 0.000 ; free physical = 2881 ; free virtual = 7533
INFO: [Project 1-111] Unisim Transformation Summary:
No Unisim elements were transformed.

INFO: [Common 17-83] Releasing license: Synthesis
43 Infos, 26 Warnings, 0 Critical Warnings and 0 Errors encountered.
synth_design completed successfully
synth_design: Time (s): cpu = 00:00:16 ; elapsed = 00:00:17 . Memory (MB): peak = 1894.914 ; gain = 384.746 ; free physical = 2938 ; free virtual = 7590
INFO: [Common 17-600] The following parameters have non-default value.
general.maxThreads
Netlist sorting complete. Time (s): cpu = 00:00:00 ; elapsed = 00:00:00 . Memory (MB): peak = 1894.914 ; gain = 0.000 ; free physical = 2938 ; free virtual = 7590
WARNING: [Constraints 18-5210] No constraints selected for write.
Resolution: This message can indicate that there are no constraints for the design, or it can indicate that the used_in flags are set such that the constraints are ignored. This later case is used when running synth_design to not write synthesis constraints to the resulting checkpoint. Instead, project constraints are read when the synthesized design is opened.
INFO: [Common 17-1381] The checkpoint '/home/steve/Graduate_Research/MLP/build/Pynq-Z1-pynqZ1/_sds/p0/vivado/prj/prj.runs/bare_axis_dwc_dm_5_rx_0_0_synth_1/bare_axis_dwc_dm_5_rx_0_0.dcp' has been generated.
INFO: [Coretcl 2-1648] Added synthesis output to IP cache for IP bare_axis_dwc_dm_5_rx_0_0, cache-ID = 1aa667b8ede37cbb
INFO: [Coretcl 2-1174] Renamed 2 cell refs.
Netlist sorting complete. Time (s): cpu = 00:00:00 ; elapsed = 00:00:00 . Memory (MB): peak = 1894.914 ; gain = 0.000 ; free physical = 2899 ; free virtual = 7551
WARNING: [Constraints 18-5210] No constraints selected for write.
Resolution: This message can indicate that there are no constraints for the design, or it can indicate that the used_in flags are set such that the constraints are ignored. This later case is used when running synth_design to not write synthesis constraints to the resulting checkpoint. Instead, project constraints are read when the synthesized design is opened.
INFO: [Common 17-1381] The checkpoint '/home/steve/Graduate_Research/MLP/build/Pynq-Z1-pynqZ1/_sds/p0/vivado/prj/prj.runs/bare_axis_dwc_dm_5_rx_0_0_synth_1/bare_axis_dwc_dm_5_rx_0_0.dcp' has been generated.
INFO: [runtcl-4] Executing : report_utilization -file bare_axis_dwc_dm_5_rx_0_0_utilization_synth.rpt -pb bare_axis_dwc_dm_5_rx_0_0_utilization_synth.pb
INFO: [Common 17-206] Exiting Vivado at Wed Aug 14 15:46:05 2019...
