

================================================================
== Vivado HLS Report for 'read_from_ddr_Loop_1'
================================================================
* Date:           Wed Aug 14 15:39:39 2019

* Version:        2018.3 (Build 2405991 on Thu Dec 06 23:56:15 MST 2018)
* Project:        MLP
* Solution:       solution
* Product family: zynq
* Target device:  xc7z020clg400-1


================================================================
== Performance Estimates
================================================================
+ Timing (ns): 
    * Summary: 
    +--------+-------+----------+------------+
    |  Clock | Target| Estimated| Uncertainty|
    +--------+-------+----------+------------+
    |ap_clk  |  10.00|     5.956|        2.70|
    +--------+-------+----------+------------+

+ Latency (clock cycles): 
    * Summary: 
    +-----+-----+-----+-----+---------+
    |  Latency  |  Interval | Pipeline|
    | min | max | min | max |   Type  |
    +-----+-----+-----+-----+---------+
    |   12|   12|   12|   12|   none  |
    +-----+-----+-----+-----+---------+

    + Detail: 
        * Instance: 
        N/A

        * Loop: 
        +----------+-----+-----+----------+-----------+-----------+------+----------+
        |          |  Latency  | Iteration|  Initiation Interval  | Trip |          |
        | Loop Name| min | max |  Latency |  achieved |   target  | Count| Pipelined|
        +----------+-----+-----+----------+-----------+-----------+------+----------+
        |- Loop 1  |   10|   10|         2|          1|          1|    10|    yes   |
        +----------+-----+-----+----------+-----------+-----------+------+----------+



================================================================
== Utilization Estimates
================================================================
* Summary: 
+-----------------+---------+-------+--------+-------+
|       Name      | BRAM_18K| DSP48E|   FF   |  LUT  |
+-----------------+---------+-------+--------+-------+
|DSP              |        -|      -|       -|      -|
|Expression       |        -|      -|       0|     32|
|FIFO             |        -|      -|       -|      -|
|Instance         |        -|      -|       -|      -|
|Memory           |        -|      -|       -|      -|
|Multiplexer      |        -|      -|       -|     72|
|Register         |        -|      -|      15|      -|
+-----------------+---------+-------+--------+-------+
|Total            |        0|      0|      15|    104|
+-----------------+---------+-------+--------+-------+
|Available        |      280|    220|  106400|  53200|
+-----------------+---------+-------+--------+-------+
|Utilization (%)  |        0|      0|   ~0   |   ~0  |
+-----------------+---------+-------+--------+-------+

+ Detail: 
    * Instance: 
    N/A

    * DSP48: 
    N/A

    * Memory: 
    N/A

    * FIFO: 
    N/A

    * Expression: 
    +----------------------------------+----------+-------+---+----+------------+------------+
    |           Variable Name          | Operation| DSP48E| FF| LUT| Bitwidth P0| Bitwidth P1|
    +----------------------------------+----------+-------+---+----+------------+------------+
    |i_1_fu_72_p2                      |     +    |      0|  0|  13|           4|           1|
    |ap_block_pp0_stage0_11001         |    and   |      0|  0|   2|           1|           1|
    |ap_block_state3_pp0_stage0_iter1  |    and   |      0|  0|   2|           1|           1|
    |exitcond_fu_66_p2                 |   icmp   |      0|  0|   9|           4|           4|
    |ap_block_state1                   |    or    |      0|  0|   2|           1|           1|
    |ap_enable_pp0                     |    xor   |      0|  0|   2|           1|           2|
    |ap_enable_reg_pp0_iter1           |    xor   |      0|  0|   2|           2|           1|
    +----------------------------------+----------+-------+---+----+------------+------------+
    |Total                             |          |      0|  0|  32|          14|          11|
    +----------------------------------+----------+-------+---+----+------------+------------+

    * Multiplexer: 
    +---------------------------+----+-----------+-----+-----------+
    |            Name           | LUT| Input Size| Bits| Total Bits|
    +---------------------------+----+-----------+-----+-----------+
    |ap_NS_fsm                  |  21|          4|    1|          4|
    |ap_done                    |   9|          2|    1|          2|
    |ap_enable_reg_pp0_iter1    |  15|          3|    1|          3|
    |ap_phi_mux_i_phi_fu_58_p4  |   9|          2|    4|          8|
    |i_reg_54                   |   9|          2|    4|          8|
    |input_r_blk_n              |   9|          2|    1|          2|
    +---------------------------+----+-----------+-----+-----------+
    |Total                      |  72|         15|   12|         27|
    +---------------------------+----+-----------+-----+-----------+

    * Register: 
    +-------------------------+---+----+-----+-----------+
    |           Name          | FF| LUT| Bits| Const Bits|
    +-------------------------+---+----+-----+-----------+
    |ap_CS_fsm                |  3|   0|    3|          0|
    |ap_done_reg              |  1|   0|    1|          0|
    |ap_enable_reg_pp0_iter0  |  1|   0|    1|          0|
    |ap_enable_reg_pp0_iter1  |  1|   0|    1|          0|
    |exitcond_reg_83          |  1|   0|    1|          0|
    |i_1_reg_87               |  4|   0|    4|          0|
    |i_reg_54                 |  4|   0|    4|          0|
    +-------------------------+---+----+-----+-----------+
    |Total                    | 15|   0|   15|          0|
    +-------------------------+---+----+-----+-----------+



================================================================
== Interface
================================================================
* Summary: 
+-------------------+-----+-----+------------+----------------------+--------------+
|     RTL Ports     | Dir | Bits|  Protocol  |     Source Object    |    C Type    |
+-------------------+-----+-----+------------+----------------------+--------------+
|ap_clk             |  in |    1| ap_ctrl_hs | read_from_ddr_Loop_1 | return value |
|ap_rst             |  in |    1| ap_ctrl_hs | read_from_ddr_Loop_1 | return value |
|ap_start           |  in |    1| ap_ctrl_hs | read_from_ddr_Loop_1 | return value |
|ap_done            | out |    1| ap_ctrl_hs | read_from_ddr_Loop_1 | return value |
|ap_continue        |  in |    1| ap_ctrl_hs | read_from_ddr_Loop_1 | return value |
|ap_idle            | out |    1| ap_ctrl_hs | read_from_ddr_Loop_1 | return value |
|ap_ready           | out |    1| ap_ctrl_hs | read_from_ddr_Loop_1 | return value |
|input_r_dout       |  in |    8|   ap_fifo  |        input_r       |    pointer   |
|input_r_empty_n    |  in |    1|   ap_fifo  |        input_r       |    pointer   |
|input_r_read       | out |    1|   ap_fifo  |        input_r       |    pointer   |
|buffer_r_address0  | out |    4|  ap_memory |       buffer_r       |     array    |
|buffer_r_ce0       | out |    1|  ap_memory |       buffer_r       |     array    |
|buffer_r_we0       | out |    1|  ap_memory |       buffer_r       |     array    |
|buffer_r_d0        | out |    8|  ap_memory |       buffer_r       |     array    |
+-------------------+-----+-----+------------+----------------------+--------------+

============================================================
+ Verbose Summary: Synthesis Manager
============================================================
InlineROM: 1
ExposeGlobal: 0
============================================================
+ Verbose Summary: CDFG Model
============================================================
IsTopModel: 0
ResetActiveHigh: 1
IsCombinational: 2
IsDatapathOnly: 0
HasWiredReturn: 1
HasMFsm: 0
HasVarLatency: 1
IsPipeline: 0
IsRtlPipelined: 0
IsInstanceOverlapped: 0
IsDontTouch: 0
HasImplIP: 0
IsGatedGlobalClock: 0

+ Individual pipeline summary: 
  * Pipeline-0: initiation interval (II) = 1, depth = 2


============================================================
+ Verbose Summary: Schedule
============================================================
* Number of FSM states : 4
* Pipeline : 1
  Pipeline-0 : II = 1, D = 2, States = { 2 3 }
* Dataflow Pipeline: 0

* FSM state transitions: 
1 --> 
	2  / true
2 --> 
	4  / (exitcond)
	3  / (!exitcond)
3 --> 
	2  / true
4 --> 

* FSM state operations: 

State 1 <SV = 0> <Delay = 1.76>
ST_1 : Operation 5 [1/1] (0.00ns)   --->   "call void (...)* @_ssdm_op_SpecInterface(i8* %input_r, [8 x i8]* @p_str, i32 0, i32 0, [1 x i8]* @p_str1, i32 0, i32 0, [1 x i8]* @p_str1, [1 x i8]* @p_str1, [1 x i8]* @p_str1, i32 0, i32 0, i32 0, i32 0, [1 x i8]* @p_str1, [1 x i8]* @p_str1)"   --->   Operation 5 'specinterface' <Predicate = true> <Delay = 0.00>
ST_1 : Operation 6 [1/1] (1.76ns)   --->   "br label %0" [/home/steve/Graduate_Research/MLP/src/mlp-util.hpp:19]   --->   Operation 6 'br' <Predicate = true> <Delay = 1.76>

State 2 <SV = 1> <Delay = 1.73>
ST_2 : Operation 7 [1/1] (0.00ns)   --->   "%i = phi i4 [ 0, %newFuncRoot ], [ %i_1, %1 ]"   --->   Operation 7 'phi' 'i' <Predicate = true> <Delay = 0.00>
ST_2 : Operation 8 [1/1] (0.00ns)   --->   "%empty = call i32 (...)* @_ssdm_op_SpecLoopTripCount(i64 10, i64 10, i64 10)"   --->   Operation 8 'speclooptripcount' 'empty' <Predicate = true> <Delay = 0.00>
ST_2 : Operation 9 [1/1] (1.30ns)   --->   "%exitcond = icmp eq i4 %i, -6" [/home/steve/Graduate_Research/MLP/src/mlp-util.hpp:19]   --->   Operation 9 'icmp' 'exitcond' <Predicate = true> <Delay = 1.30> <Core = "Cmp">   --->   Core 25 'Cmp' <Latency = 0> <II = 1> <Delay = 1.30> <FuncUnit> <Opcode : 'icmp'> <InPorts = 2> <OutPorts = 1>
ST_2 : Operation 10 [1/1] (1.73ns)   --->   "%i_1 = add i4 %i, 1" [/home/steve/Graduate_Research/MLP/src/mlp-util.hpp:19]   --->   Operation 10 'add' 'i_1' <Predicate = true> <Delay = 1.73> <Core = "AddSub">   --->   Core 14 'AddSub' <Latency = 0> <II = 1> <Delay = 1.73> <FuncUnit> <Opcode : 'add' 'sub'> <InPorts = 2> <OutPorts = 1>
ST_2 : Operation 11 [1/1] (0.00ns)   --->   "br i1 %exitcond, label %.exitStub, label %1" [/home/steve/Graduate_Research/MLP/src/mlp-util.hpp:19]   --->   Operation 11 'br' <Predicate = true> <Delay = 0.00>

State 3 <SV = 2> <Delay = 5.95>
ST_3 : Operation 12 [1/1] (0.00ns)   --->   "%i_cast1 = zext i4 %i to i32" [/home/steve/Graduate_Research/MLP/src/mlp-util.hpp:19]   --->   Operation 12 'zext' 'i_cast1' <Predicate = (!exitcond)> <Delay = 0.00>
ST_3 : Operation 13 [1/1] (0.00ns)   --->   "%tmp_4 = call i32 (...)* @_ssdm_op_SpecRegionBegin([12 x i8]* @p_str3)" [/home/steve/Graduate_Research/MLP/src/mlp-util.hpp:20]   --->   Operation 13 'specregionbegin' 'tmp_4' <Predicate = (!exitcond)> <Delay = 0.00>
ST_3 : Operation 14 [1/1] (0.00ns)   --->   "call void (...)* @_ssdm_op_SpecPipeline(i32 1, i32 1, i32 1, i32 0, [1 x i8]* @p_str1) nounwind" [/home/steve/Graduate_Research/MLP/src/mlp-util.hpp:21]   --->   Operation 14 'specpipeline' <Predicate = (!exitcond)> <Delay = 0.00>
ST_3 : Operation 15 [1/1] (3.63ns)   --->   "%input_read = call i8 @_ssdm_op_Read.ap_fifo.volatile.i8P(i8* %input_r)" [/home/steve/Graduate_Research/MLP/src/mlp-util.hpp:22]   --->   Operation 15 'read' 'input_read' <Predicate = (!exitcond)> <Delay = 3.63> <Core = "FIFO">   --->   Core 32 'FIFO' <Latency = 0> <II = 1> <Delay = 3.63> <Storage> <Opcode : 'read' 'write' 'nbread' 'nbwrite'> <Ports = 0> <Width = 8> <Depth = 0> <FIFO>
ST_3 : Operation 16 [1/1] (0.00ns)   --->   "%buffer_addr = getelementptr [10 x i8]* %buffer_r, i32 0, i32 %i_cast1" [/home/steve/Graduate_Research/MLP/src/mlp-util.hpp:22]   --->   Operation 16 'getelementptr' 'buffer_addr' <Predicate = (!exitcond)> <Delay = 0.00>
ST_3 : Operation 17 [1/1] (2.32ns)   --->   "store i8 %input_read, i8* %buffer_addr, align 1" [/home/steve/Graduate_Research/MLP/src/mlp-util.hpp:22]   --->   Operation 17 'store' <Predicate = (!exitcond)> <Delay = 2.32> <Core = "RAM">   --->   Core 37 'RAM' <Latency = 1> <II = 1> <Delay = 2.32> <Storage> <Opcode : 'load' 'store'> <Ports = 2> <Width = 5> <Depth = 10> <RAM>
ST_3 : Operation 18 [1/1] (0.00ns)   --->   "%empty_5 = call i32 (...)* @_ssdm_op_SpecRegionEnd([12 x i8]* @p_str3, i32 %tmp_4)" [/home/steve/Graduate_Research/MLP/src/mlp-util.hpp:23]   --->   Operation 18 'specregionend' 'empty_5' <Predicate = (!exitcond)> <Delay = 0.00>
ST_3 : Operation 19 [1/1] (0.00ns)   --->   "br label %0" [/home/steve/Graduate_Research/MLP/src/mlp-util.hpp:19]   --->   Operation 19 'br' <Predicate = (!exitcond)> <Delay = 0.00>

State 4 <SV = 2> <Delay = 0.00>
ST_4 : Operation 20 [1/1] (0.00ns)   --->   "ret void"   --->   Operation 20 'ret' <Predicate = true> <Delay = 0.00>


============================================================
+ Verbose Summary: Binding
============================================================
STG Binding: 
---------------- STG Properties BEGIN ----------------
- Is combinational: 0
- Is one-state seq: 0
- Is datapath-only: 0
- Is pipelined: 0
- Is top level: 0
Port [ Return ] is wired: 1; IO mode=ap_ctrl_hs:ce=0
Port [ input_r]:  wired=1; compound=1; hidden=0; nouse=0; global=0; static=0; extern=0; dir=0; type=3; pingpong=0; private_global=0; IO mode=ap_fifo:ce=0
Port [ buffer_r]:  wired=1; compound=1; hidden=0; nouse=0; global=0; static=0; extern=0; dir=1; type=1; pingpong=0; private_global=0; MemPort=[03]; IO mode=ap_memory:ce=0
---------------- STG Properties END ------------------

---------------- Datapath Model BEGIN ----------------

<LifeTime>
<method=bitvector/>
StgValue_5  (specinterface    ) [ 00000]
StgValue_6  (br               ) [ 01110]
i           (phi              ) [ 00110]
empty       (speclooptripcount) [ 00000]
exitcond    (icmp             ) [ 00110]
i_1         (add              ) [ 01110]
StgValue_11 (br               ) [ 00000]
i_cast1     (zext             ) [ 00000]
tmp_4       (specregionbegin  ) [ 00000]
StgValue_14 (specpipeline     ) [ 00000]
input_read  (read             ) [ 00000]
buffer_addr (getelementptr    ) [ 00000]
StgValue_17 (store            ) [ 00000]
empty_5     (specregionend    ) [ 00000]
StgValue_19 (br               ) [ 01110]
StgValue_20 (ret              ) [ 00000]
</LifeTime>

<model>

<comp_list>
<comp id="0" class="1000" name="input_r">
<pin_list>
<pin id="1" dir="1" index="0" bw="1" slack="0"/>
</pin_list>
<bind>
<StgValue><ssdm name="input_r"/></StgValue>
</bind>
</comp>

<comp id="2" class="1000" name="buffer_r">
<pin_list>
<pin id="3" dir="1" index="0" bw="1" slack="0"/>
</pin_list>
<bind>
<StgValue><ssdm name="buffer_r"/><MemPortTyVec>0 3 </MemPortTyVec>
</StgValue>
</bind>
</comp>

<comp id="4" class="1001" name="const_4">
<pin_list>
<pin id="5" dir="1" index="0" bw="1" slack="2147483647"/>
</pin_list>
<bind>
<StgValue><ssdm name="_ssdm_op_SpecInterface"/></StgValue>
</bind>
</comp>

<comp id="6" class="1001" name="const_6">
<pin_list>
<pin id="7" dir="1" index="0" bw="1" slack="2147483647"/>
</pin_list>
<bind>
<StgValue><ssdm name="p_str"/></StgValue>
</bind>
</comp>

<comp id="8" class="1001" name="const_8">
<pin_list>
<pin id="9" dir="1" index="0" bw="1" slack="0"/>
</pin_list>
<bind>
<StgValue><ssdm name=""/></StgValue>
</bind>
</comp>

<comp id="10" class="1001" name="const_10">
<pin_list>
<pin id="11" dir="1" index="0" bw="1" slack="2147483647"/>
</pin_list>
<bind>
<StgValue><ssdm name="p_str1"/></StgValue>
</bind>
</comp>

<comp id="12" class="1001" name="const_12">
<pin_list>
<pin id="13" dir="1" index="0" bw="1" slack="1"/>
</pin_list>
<bind>
<StgValue><ssdm name=""/></StgValue>
</bind>
</comp>

<comp id="14" class="1001" name="const_14">
<pin_list>
<pin id="15" dir="1" index="0" bw="1" slack="2147483647"/>
</pin_list>
<bind>
<StgValue><ssdm name="_ssdm_op_SpecLoopTripCount"/></StgValue>
</bind>
</comp>

<comp id="16" class="1001" name="const_16">
<pin_list>
<pin id="17" dir="1" index="0" bw="1" slack="2147483647"/>
</pin_list>
<bind>
<StgValue><ssdm name=""/></StgValue>
</bind>
</comp>

<comp id="18" class="1001" name="const_18">
<pin_list>
<pin id="19" dir="1" index="0" bw="1" slack="0"/>
</pin_list>
<bind>
<StgValue><ssdm name=""/></StgValue>
</bind>
</comp>

<comp id="20" class="1001" name="const_20">
<pin_list>
<pin id="21" dir="1" index="0" bw="1" slack="0"/>
</pin_list>
<bind>
<StgValue><ssdm name=""/></StgValue>
</bind>
</comp>

<comp id="22" class="1001" name="const_22">
<pin_list>
<pin id="23" dir="1" index="0" bw="1" slack="2147483647"/>
</pin_list>
<bind>
<StgValue><ssdm name="_ssdm_op_SpecRegionBegin"/></StgValue>
</bind>
</comp>

<comp id="24" class="1001" name="const_24">
<pin_list>
<pin id="25" dir="1" index="0" bw="1" slack="2147483647"/>
</pin_list>
<bind>
<StgValue><ssdm name="p_str3"/></StgValue>
</bind>
</comp>

<comp id="26" class="1001" name="const_26">
<pin_list>
<pin id="27" dir="1" index="0" bw="1" slack="2147483647"/>
</pin_list>
<bind>
<StgValue><ssdm name="_ssdm_op_SpecPipeline"/></StgValue>
</bind>
</comp>

<comp id="28" class="1001" name="const_28">
<pin_list>
<pin id="29" dir="1" index="0" bw="1" slack="2147483647"/>
</pin_list>
<bind>
<StgValue><ssdm name=""/></StgValue>
</bind>
</comp>

<comp id="30" class="1001" name="const_30">
<pin_list>
<pin id="31" dir="1" index="0" bw="1" slack="0"/>
</pin_list>
<bind>
<StgValue><ssdm name="_ssdm_op_Read.ap_fifo.volatile.i8P"/></StgValue>
</bind>
</comp>

<comp id="32" class="1001" name="const_32">
<pin_list>
<pin id="33" dir="1" index="0" bw="1" slack="2147483647"/>
</pin_list>
<bind>
<StgValue><ssdm name="_ssdm_op_SpecRegionEnd"/></StgValue>
</bind>
</comp>

<comp id="34" class="1004" name="input_read_read_fu_34">
<pin_list>
<pin id="35" dir="0" index="0" bw="8" slack="0"/>
<pin id="36" dir="0" index="1" bw="8" slack="0"/>
<pin id="37" dir="1" index="2" bw="8" slack="0"/>
</pin_list>
<bind>
<opcode="read(1150) " fcode="read"/>
<opset="input_read/3 "/>
</bind>
</comp>

<comp id="40" class="1004" name="buffer_addr_gep_fu_40">
<pin_list>
<pin id="41" dir="0" index="0" bw="8" slack="0"/>
<pin id="42" dir="0" index="1" bw="1" slack="0"/>
<pin id="43" dir="0" index="2" bw="4" slack="0"/>
<pin id="44" dir="1" index="3" bw="4" slack="0"/>
</pin_list>
<bind>
<opcode="getelementptr(29) " fcode="getelementptr"/>
<opset="buffer_addr/3 "/>
</bind>
</comp>

<comp id="47" class="1004" name="StgValue_17_access_fu_47">
<pin_list>
<pin id="48" dir="0" index="0" bw="4" slack="0"/>
<pin id="49" dir="0" index="1" bw="8" slack="0"/>
<pin id="50" dir="0" index="2" bw="0" slack="2147483647"/>
<pin id="51" dir="1" index="3" bw="8" slack="2147483647"/>
</pin_list>
<bind>
<opcode="store(28) " fcode="store"/>
<opset="StgValue_17/3 "/>
</bind>
</comp>

<comp id="54" class="1005" name="i_reg_54">
<pin_list>
<pin id="55" dir="0" index="0" bw="4" slack="1"/>
<pin id="56" dir="1" index="1" bw="4" slack="1"/>
</pin_list>
<bind>
<opset="i (phireg) "/>
</bind>
</comp>

<comp id="58" class="1004" name="i_phi_fu_58">
<pin_list>
<pin id="59" dir="0" index="0" bw="1" slack="1"/>
<pin id="60" dir="0" index="1" bw="0" slack="2147483647"/>
<pin id="61" dir="0" index="2" bw="4" slack="0"/>
<pin id="62" dir="0" index="3" bw="0" slack="2147483647"/>
<pin id="63" dir="1" index="4" bw="4" slack="0"/>
</pin_list>
<bind>
<opcode="phi(47) " fcode="phi"/>
<opset="i/2 "/>
</bind>
</comp>

<comp id="66" class="1004" name="exitcond_fu_66">
<pin_list>
<pin id="67" dir="0" index="0" bw="4" slack="0"/>
<pin id="68" dir="0" index="1" bw="4" slack="0"/>
<pin id="69" dir="1" index="2" bw="1" slack="1"/>
</pin_list>
<bind>
<opcode="icmp(45) " fcode="icmp"/>
<opset="exitcond/2 "/>
</bind>
</comp>

<comp id="72" class="1004" name="i_1_fu_72">
<pin_list>
<pin id="73" dir="0" index="0" bw="4" slack="0"/>
<pin id="74" dir="0" index="1" bw="1" slack="0"/>
<pin id="75" dir="1" index="2" bw="4" slack="0"/>
</pin_list>
<bind>
<opcode="add(8) " fcode="add"/>
<opset="i_1/2 "/>
</bind>
</comp>

<comp id="78" class="1004" name="i_cast1_fu_78">
<pin_list>
<pin id="79" dir="0" index="0" bw="4" slack="1"/>
<pin id="80" dir="1" index="1" bw="32" slack="0"/>
</pin_list>
<bind>
<opcode="zext(34) " fcode="zext"/>
<opset="i_cast1/3 "/>
</bind>
</comp>

<comp id="83" class="1005" name="exitcond_reg_83">
<pin_list>
<pin id="84" dir="0" index="0" bw="1" slack="1"/>
<pin id="85" dir="1" index="1" bw="1" slack="2147483647"/>
</pin_list>
<bind>
<opset="exitcond "/>
</bind>
</comp>

<comp id="87" class="1005" name="i_1_reg_87">
<pin_list>
<pin id="88" dir="0" index="0" bw="4" slack="0"/>
<pin id="89" dir="1" index="1" bw="4" slack="0"/>
</pin_list>
<bind>
<opset="i_1 "/>
</bind>
</comp>

</comp_list>

<net_list>
<net id="38"><net_src comp="30" pin="0"/><net_sink comp="34" pin=0"/></net>

<net id="39"><net_src comp="0" pin="0"/><net_sink comp="34" pin=1"/></net>

<net id="45"><net_src comp="2" pin="0"/><net_sink comp="40" pin=0"/></net>

<net id="46"><net_src comp="8" pin="0"/><net_sink comp="40" pin=1"/></net>

<net id="52"><net_src comp="34" pin="2"/><net_sink comp="47" pin=1"/></net>

<net id="53"><net_src comp="40" pin="3"/><net_sink comp="47" pin=0"/></net>

<net id="57"><net_src comp="12" pin="0"/><net_sink comp="54" pin=0"/></net>

<net id="64"><net_src comp="54" pin="1"/><net_sink comp="58" pin=0"/></net>

<net id="65"><net_src comp="58" pin="4"/><net_sink comp="54" pin=0"/></net>

<net id="70"><net_src comp="58" pin="4"/><net_sink comp="66" pin=0"/></net>

<net id="71"><net_src comp="18" pin="0"/><net_sink comp="66" pin=1"/></net>

<net id="76"><net_src comp="58" pin="4"/><net_sink comp="72" pin=0"/></net>

<net id="77"><net_src comp="20" pin="0"/><net_sink comp="72" pin=1"/></net>

<net id="81"><net_src comp="54" pin="1"/><net_sink comp="78" pin=0"/></net>

<net id="82"><net_src comp="78" pin="1"/><net_sink comp="40" pin=2"/></net>

<net id="86"><net_src comp="66" pin="2"/><net_sink comp="83" pin=0"/></net>

<net id="90"><net_src comp="72" pin="2"/><net_sink comp="87" pin=0"/></net>

<net id="91"><net_src comp="87" pin="1"/><net_sink comp="58" pin=2"/></net>

</net_list>

</model> 
---------------- Datapath Model END ------------------

* FSMD analyzer results:
  - Output states:
	Port: input_r | {}
	Port: buffer_r | {3 }
 - Input state : 
	Port: read_from_ddr_Loop_1 : input_r | {3 }
	Port: read_from_ddr_Loop_1 : buffer_r | {}
  - Chain level:
	State 1
	State 2
		exitcond : 1
		i_1 : 1
		StgValue_11 : 2
	State 3
		buffer_addr : 1
		StgValue_17 : 2
		empty_5 : 1
	State 4


============================================================
+ Verbose Summary: Datapath Resource usage 
============================================================

* Functional unit list:
|----------|-----------------------|---------|---------|
| Operation|    Functional Unit    |    FF   |   LUT   |
|----------|-----------------------|---------|---------|
|    add   |       i_1_fu_72       |    0    |    13   |
|----------|-----------------------|---------|---------|
|   icmp   |     exitcond_fu_66    |    0    |    9    |
|----------|-----------------------|---------|---------|
|   read   | input_read_read_fu_34 |    0    |    0    |
|----------|-----------------------|---------|---------|
|   zext   |     i_cast1_fu_78     |    0    |    0    |
|----------|-----------------------|---------|---------|
|   Total  |                       |    0    |    22   |
|----------|-----------------------|---------|---------|

Memories:
N/A

* Register list:
+---------------+--------+
|               |   FF   |
+---------------+--------+
|exitcond_reg_83|    1   |
|   i_1_reg_87  |    4   |
|    i_reg_54   |    4   |
+---------------+--------+
|     Total     |    9   |
+---------------+--------+

* Multiplexer (MUX) list: 
|----------|------|------|------|--------||---------||---------|
|   Comp   |  Pin | Size |  BW  | S x BW ||  Delay  ||   LUT   |
|----------|------|------|------|--------||---------||---------|
| i_reg_54 |  p0  |   2  |   4  |    8   ||    9    |
|----------|------|------|------|--------||---------||---------|
|   Total  |      |      |      |    8   ||  1.769  ||    9    |
|----------|------|------|------|--------||---------||---------|



* Summary:
+-----------+--------+--------+--------+
|           |  Delay |   FF   |   LUT  |
+-----------+--------+--------+--------+
|  Function |    -   |    0   |   22   |
|   Memory  |    -   |    -   |    -   |
|Multiplexer|    1   |    -   |    9   |
|  Register |    -   |    9   |    -   |
+-----------+--------+--------+--------+
|   Total   |    1   |    9   |   31   |
+-----------+--------+--------+--------+
